{"/Users/traeop/Documents/projects/npm/electron-modular/src/config.ts": {"path":"/Users/traeop/Documents/projects/npm/electron-modular/src/config.ts","all":false,"statementMap":{"15":{"start":{"line":16,"column":0},"end":{"line":16,"column":24}},"16":{"start":{"line":17,"column":0},"end":{"line":17,"column":32}},"17":{"start":{"line":18,"column":0},"end":{"line":18,"column":24}},"18":{"start":{"line":19,"column":0},"end":{"line":19,"column":2}}},"s":{"15":1,"16":1,"17":1,"18":1},"branchMap":{},"b":{},"fnMap":{},"f":{}}
,"/Users/traeop/Documents/projects/npm/electron-modular/src/@core/container.ts": {"path":"/Users/traeop/Documents/projects/npm/electron-modular/src/@core/container.ts","all":false,"statementMap":{"0":{"start":{"line":1,"column":0},"end":{"line":1,"column":3}},"46":{"start":{"line":47,"column":0},"end":{"line":47,"column":24}},"48":{"start":{"line":49,"column":0},"end":{"line":49,"column":65}},"51":{"start":{"line":52,"column":0},"end":{"line":52,"column":77}},"54":{"start":{"line":55,"column":0},"end":{"line":55,"column":66}},"57":{"start":{"line":58,"column":0},"end":{"line":58,"column":64}},"66":{"start":{"line":67,"column":0},"end":{"line":67,"column":12}},"67":{"start":{"line":68,"column":0},"end":{"line":68,"column":29}},"68":{"start":{"line":69,"column":0},"end":{"line":69,"column":62}},"69":{"start":{"line":70,"column":0},"end":{"line":70,"column":14}},"70":{"start":{"line":71,"column":0},"end":{"line":71,"column":40}},"71":{"start":{"line":72,"column":0},"end":{"line":72,"column":19}},"72":{"start":{"line":73,"column":0},"end":{"line":73,"column":5}},"74":{"start":{"line":75,"column":0},"end":{"line":75,"column":35}},"75":{"start":{"line":76,"column":0},"end":{"line":76,"column":27}},"76":{"start":{"line":77,"column":0},"end":{"line":77,"column":47}},"77":{"start":{"line":78,"column":0},"end":{"line":78,"column":7}},"78":{"start":{"line":79,"column":0},"end":{"line":79,"column":16}},"79":{"start":{"line":80,"column":0},"end":{"line":80,"column":3}},"87":{"start":{"line":88,"column":0},"end":{"line":88,"column":20}},"88":{"start":{"line":89,"column":0},"end":{"line":89,"column":29}},"89":{"start":{"line":90,"column":0},"end":{"line":90,"column":31}},"90":{"start":{"line":91,"column":0},"end":{"line":91,"column":11}},"91":{"start":{"line":92,"column":0},"end":{"line":92,"column":51}},"92":{"start":{"line":93,"column":0},"end":{"line":93,"column":3}},"100":{"start":{"line":101,"column":0},"end":{"line":101,"column":48}},"101":{"start":{"line":102,"column":0},"end":{"line":102,"column":41}},"102":{"start":{"line":103,"column":0},"end":{"line":103,"column":3}},"111":{"start":{"line":112,"column":0},"end":{"line":112,"column":80}},"112":{"start":{"line":113,"column":0},"end":{"line":113,"column":20}},"113":{"start":{"line":114,"column":0},"end":{"line":114,"column":60}},"114":{"start":{"line":115,"column":0},"end":{"line":115,"column":23}},"115":{"start":{"line":116,"column":0},"end":{"line":116,"column":21}},"116":{"start":{"line":117,"column":0},"end":{"line":117,"column":45}},"117":{"start":{"line":118,"column":0},"end":{"line":118,"column":3}},"127":{"start":{"line":128,"column":0},"end":{"line":128,"column":14}},"128":{"start":{"line":129,"column":0},"end":{"line":129,"column":29}},"129":{"start":{"line":130,"column":0},"end":{"line":130,"column":29}},"130":{"start":{"line":131,"column":0},"end":{"line":131,"column":23}},"131":{"start":{"line":132,"column":0},"end":{"line":132,"column":11}},"132":{"start":{"line":133,"column":0},"end":{"line":133,"column":53}},"133":{"start":{"line":134,"column":0},"end":{"line":134,"column":22}},"134":{"start":{"line":135,"column":0},"end":{"line":135,"column":59}},"135":{"start":{"line":136,"column":0},"end":{"line":136,"column":5}},"137":{"start":{"line":138,"column":0},"end":{"line":138,"column":61}},"138":{"start":{"line":139,"column":0},"end":{"line":139,"column":3}},"147":{"start":{"line":148,"column":0},"end":{"line":148,"column":27}},"148":{"start":{"line":149,"column":0},"end":{"line":149,"column":29}},"149":{"start":{"line":150,"column":0},"end":{"line":150,"column":26}},"150":{"start":{"line":151,"column":0},"end":{"line":151,"column":20}},"151":{"start":{"line":152,"column":0},"end":{"line":152,"column":53}},"152":{"start":{"line":153,"column":0},"end":{"line":153,"column":22}},"153":{"start":{"line":154,"column":0},"end":{"line":154,"column":23}},"154":{"start":{"line":155,"column":0},"end":{"line":155,"column":5}},"156":{"start":{"line":157,"column":0},"end":{"line":157,"column":60}},"157":{"start":{"line":158,"column":0},"end":{"line":158,"column":3}},"165":{"start":{"line":166,"column":0},"end":{"line":166,"column":67}},"166":{"start":{"line":167,"column":0},"end":{"line":167,"column":53}},"167":{"start":{"line":168,"column":0},"end":{"line":168,"column":44}},"168":{"start":{"line":169,"column":0},"end":{"line":169,"column":3}},"176":{"start":{"line":177,"column":0},"end":{"line":177,"column":77}},"177":{"start":{"line":178,"column":0},"end":{"line":178,"column":48}},"178":{"start":{"line":179,"column":0},"end":{"line":179,"column":3}},"187":{"start":{"line":188,"column":0},"end":{"line":188,"column":68}},"188":{"start":{"line":189,"column":0},"end":{"line":189,"column":40}},"189":{"start":{"line":190,"column":0},"end":{"line":190,"column":3}},"207":{"start":{"line":208,"column":0},"end":{"line":208,"column":19}},"208":{"start":{"line":209,"column":0},"end":{"line":209,"column":29}},"209":{"start":{"line":210,"column":0},"end":{"line":210,"column":26}},"210":{"start":{"line":211,"column":0},"end":{"line":211,"column":29}},"211":{"start":{"line":212,"column":0},"end":{"line":212,"column":58}},"214":{"start":{"line":215,"column":0},"end":{"line":215,"column":45}},"215":{"start":{"line":216,"column":0},"end":{"line":216,"column":53}},"216":{"start":{"line":217,"column":0},"end":{"line":217,"column":5}},"219":{"start":{"line":220,"column":0},"end":{"line":220,"column":36}},"220":{"start":{"line":221,"column":0},"end":{"line":221,"column":54}},"221":{"start":{"line":222,"column":0},"end":{"line":222,"column":51}},"222":{"start":{"line":223,"column":0},"end":{"line":223,"column":22}},"223":{"start":{"line":224,"column":0},"end":{"line":224,"column":5}},"226":{"start":{"line":227,"column":0},"end":{"line":227,"column":58}},"228":{"start":{"line":229,"column":0},"end":{"line":229,"column":20}},"230":{"start":{"line":231,"column":0},"end":{"line":231,"column":67}},"231":{"start":{"line":232,"column":0},"end":{"line":232,"column":20}},"232":{"start":{"line":233,"column":0},"end":{"line":233,"column":14}},"233":{"start":{"line":234,"column":0},"end":{"line":234,"column":8}},"235":{"start":{"line":236,"column":0},"end":{"line":236,"column":46}},"236":{"start":{"line":237,"column":0},"end":{"line":237,"column":64}},"237":{"start":{"line":238,"column":0},"end":{"line":238,"column":35}},"238":{"start":{"line":239,"column":0},"end":{"line":239,"column":7}},"241":{"start":{"line":242,"column":0},"end":{"line":242,"column":34}},"242":{"start":{"line":243,"column":0},"end":{"line":243,"column":73}},"243":{"start":{"line":244,"column":0},"end":{"line":244,"column":7}},"245":{"start":{"line":246,"column":0},"end":{"line":246,"column":23}},"246":{"start":{"line":247,"column":0},"end":{"line":247,"column":5}},"249":{"start":{"line":250,"column":0},"end":{"line":250,"column":55}},"250":{"start":{"line":251,"column":0},"end":{"line":251,"column":18}},"251":{"start":{"line":252,"column":0},"end":{"line":252,"column":12}},"252":{"start":{"line":253,"column":0},"end":{"line":253,"column":15}},"253":{"start":{"line":254,"column":0},"end":{"line":254,"column":6}},"255":{"start":{"line":256,"column":0},"end":{"line":256,"column":33}},"256":{"start":{"line":257,"column":0},"end":{"line":257,"column":51}},"257":{"start":{"line":258,"column":0},"end":{"line":258,"column":5}},"259":{"start":{"line":260,"column":0},"end":{"line":260,"column":20}},"260":{"start":{"line":261,"column":0},"end":{"line":261,"column":3}},"272":{"start":{"line":273,"column":0},"end":{"line":273,"column":38}},"273":{"start":{"line":274,"column":0},"end":{"line":274,"column":29}},"274":{"start":{"line":275,"column":0},"end":{"line":275,"column":26}},"275":{"start":{"line":276,"column":0},"end":{"line":276,"column":29}},"276":{"start":{"line":277,"column":0},"end":{"line":277,"column":63}},"278":{"start":{"line":279,"column":0},"end":{"line":279,"column":35}},"279":{"start":{"line":280,"column":0},"end":{"line":280,"column":23}},"280":{"start":{"line":281,"column":0},"end":{"line":281,"column":5}},"283":{"start":{"line":284,"column":0},"end":{"line":284,"column":63}},"284":{"start":{"line":285,"column":0},"end":{"line":285,"column":75}},"287":{"start":{"line":288,"column":0},"end":{"line":288,"column":41}},"288":{"start":{"line":289,"column":0},"end":{"line":289,"column":78}},"290":{"start":{"line":291,"column":0},"end":{"line":291,"column":45}},"291":{"start":{"line":292,"column":0},"end":{"line":292,"column":61}},"292":{"start":{"line":293,"column":0},"end":{"line":293,"column":9}},"293":{"start":{"line":294,"column":0},"end":{"line":294,"column":7}},"294":{"start":{"line":295,"column":0},"end":{"line":295,"column":5}},"296":{"start":{"line":297,"column":0},"end":{"line":297,"column":21}},"297":{"start":{"line":298,"column":0},"end":{"line":298,"column":3}},"314":{"start":{"line":315,"column":0},"end":{"line":315,"column":39}},"315":{"start":{"line":316,"column":0},"end":{"line":316,"column":29}},"316":{"start":{"line":317,"column":0},"end":{"line":317,"column":26}},"317":{"start":{"line":318,"column":0},"end":{"line":318,"column":22}},"318":{"start":{"line":319,"column":0},"end":{"line":319,"column":29}},"319":{"start":{"line":320,"column":0},"end":{"line":320,"column":17}},"320":{"start":{"line":321,"column":0},"end":{"line":321,"column":37}},"321":{"start":{"line":322,"column":0},"end":{"line":322,"column":26}},"322":{"start":{"line":323,"column":0},"end":{"line":323,"column":28}},"325":{"start":{"line":326,"column":0},"end":{"line":326,"column":8}},"326":{"start":{"line":327,"column":0},"end":{"line":327,"column":14}},"327":{"start":{"line":328,"column":0},"end":{"line":328,"column":33}},"328":{"start":{"line":329,"column":0},"end":{"line":329,"column":56}},"329":{"start":{"line":330,"column":0},"end":{"line":330,"column":7}},"330":{"start":{"line":331,"column":0},"end":{"line":331,"column":48}},"331":{"start":{"line":332,"column":0},"end":{"line":332,"column":20}},"332":{"start":{"line":333,"column":0},"end":{"line":333,"column":14}},"333":{"start":{"line":334,"column":0},"end":{"line":334,"column":37}},"334":{"start":{"line":335,"column":0},"end":{"line":335,"column":8}},"335":{"start":{"line":336,"column":0},"end":{"line":336,"column":5}},"338":{"start":{"line":339,"column":0},"end":{"line":339,"column":8}},"339":{"start":{"line":340,"column":0},"end":{"line":340,"column":14}},"340":{"start":{"line":341,"column":0},"end":{"line":341,"column":31}},"341":{"start":{"line":342,"column":0},"end":{"line":342,"column":54}},"342":{"start":{"line":343,"column":0},"end":{"line":343,"column":7}},"343":{"start":{"line":344,"column":0},"end":{"line":344,"column":46}},"344":{"start":{"line":345,"column":0},"end":{"line":345,"column":20}},"345":{"start":{"line":346,"column":0},"end":{"line":346,"column":14}},"346":{"start":{"line":347,"column":0},"end":{"line":347,"column":35}},"347":{"start":{"line":348,"column":0},"end":{"line":348,"column":8}},"348":{"start":{"line":349,"column":0},"end":{"line":349,"column":5}},"351":{"start":{"line":352,"column":0},"end":{"line":352,"column":42}},"352":{"start":{"line":353,"column":0},"end":{"line":353,"column":56}},"353":{"start":{"line":354,"column":0},"end":{"line":354,"column":37}},"354":{"start":{"line":355,"column":0},"end":{"line":355,"column":22}},"355":{"start":{"line":356,"column":0},"end":{"line":356,"column":5}},"358":{"start":{"line":359,"column":0},"end":{"line":359,"column":45}},"359":{"start":{"line":360,"column":0},"end":{"line":360,"column":45}},"360":{"start":{"line":361,"column":0},"end":{"line":361,"column":20}},"361":{"start":{"line":362,"column":0},"end":{"line":362,"column":52}},"362":{"start":{"line":363,"column":0},"end":{"line":363,"column":8}},"363":{"start":{"line":364,"column":0},"end":{"line":364,"column":35}},"364":{"start":{"line":365,"column":0},"end":{"line":365,"column":44}},"365":{"start":{"line":366,"column":0},"end":{"line":366,"column":7}},"366":{"start":{"line":367,"column":0},"end":{"line":367,"column":22}},"367":{"start":{"line":368,"column":0},"end":{"line":368,"column":5}},"370":{"start":{"line":371,"column":0},"end":{"line":371,"column":41}},"371":{"start":{"line":372,"column":0},"end":{"line":372,"column":49}},"372":{"start":{"line":373,"column":0},"end":{"line":373,"column":20}},"373":{"start":{"line":374,"column":0},"end":{"line":374,"column":14}},"374":{"start":{"line":375,"column":0},"end":{"line":375,"column":32}},"375":{"start":{"line":376,"column":0},"end":{"line":376,"column":8}},"376":{"start":{"line":377,"column":0},"end":{"line":377,"column":5}},"378":{"start":{"line":379,"column":0},"end":{"line":379,"column":25}},"379":{"start":{"line":380,"column":0},"end":{"line":380,"column":3}},"389":{"start":{"line":390,"column":0},"end":{"line":390,"column":46}},"390":{"start":{"line":391,"column":0},"end":{"line":391,"column":29}},"391":{"start":{"line":392,"column":0},"end":{"line":392,"column":26}},"392":{"start":{"line":393,"column":0},"end":{"line":393,"column":31}},"393":{"start":{"line":394,"column":0},"end":{"line":394,"column":17}},"394":{"start":{"line":395,"column":0},"end":{"line":395,"column":47}},"395":{"start":{"line":396,"column":0},"end":{"line":396,"column":64}},"396":{"start":{"line":397,"column":0},"end":{"line":397,"column":18}},"397":{"start":{"line":398,"column":0},"end":{"line":398,"column":19}},"398":{"start":{"line":399,"column":0},"end":{"line":399,"column":6}},"399":{"start":{"line":400,"column":0},"end":{"line":400,"column":66}},"400":{"start":{"line":401,"column":0},"end":{"line":401,"column":40}},"401":{"start":{"line":402,"column":0},"end":{"line":402,"column":25}},"402":{"start":{"line":403,"column":0},"end":{"line":403,"column":3}},"412":{"start":{"line":413,"column":0},"end":{"line":413,"column":44}},"413":{"start":{"line":414,"column":0},"end":{"line":414,"column":29}},"414":{"start":{"line":415,"column":0},"end":{"line":415,"column":26}},"415":{"start":{"line":416,"column":0},"end":{"line":416,"column":29}},"416":{"start":{"line":417,"column":0},"end":{"line":417,"column":17}},"417":{"start":{"line":418,"column":0},"end":{"line":418,"column":24}},"418":{"start":{"line":419,"column":0},"end":{"line":419,"column":64}},"419":{"start":{"line":420,"column":0},"end":{"line":420,"column":64}},"420":{"start":{"line":421,"column":0},"end":{"line":421,"column":18}},"421":{"start":{"line":422,"column":0},"end":{"line":422,"column":19}},"422":{"start":{"line":423,"column":0},"end":{"line":423,"column":6}},"423":{"start":{"line":424,"column":0},"end":{"line":424,"column":68}},"424":{"start":{"line":425,"column":0},"end":{"line":425,"column":40}},"425":{"start":{"line":426,"column":0},"end":{"line":426,"column":25}},"426":{"start":{"line":427,"column":0},"end":{"line":427,"column":3}},"438":{"start":{"line":439,"column":0},"end":{"line":439,"column":47}},"439":{"start":{"line":440,"column":0},"end":{"line":440,"column":29}},"440":{"start":{"line":441,"column":0},"end":{"line":441,"column":26}},"441":{"start":{"line":442,"column":0},"end":{"line":442,"column":31}},"442":{"start":{"line":443,"column":0},"end":{"line":443,"column":17}},"443":{"start":{"line":444,"column":0},"end":{"line":444,"column":60}},"444":{"start":{"line":445,"column":0},"end":{"line":445,"column":64}},"445":{"start":{"line":446,"column":0},"end":{"line":446,"column":18}},"446":{"start":{"line":447,"column":0},"end":{"line":447,"column":19}},"447":{"start":{"line":448,"column":0},"end":{"line":448,"column":6}},"448":{"start":{"line":449,"column":0},"end":{"line":449,"column":64}},"449":{"start":{"line":450,"column":0},"end":{"line":450,"column":40}},"450":{"start":{"line":451,"column":0},"end":{"line":451,"column":25}},"451":{"start":{"line":452,"column":0},"end":{"line":452,"column":3}},"460":{"start":{"line":461,"column":0},"end":{"line":461,"column":36}},"461":{"start":{"line":462,"column":0},"end":{"line":462,"column":29}},"462":{"start":{"line":463,"column":0},"end":{"line":463,"column":35}},"463":{"start":{"line":464,"column":0},"end":{"line":464,"column":25}},"464":{"start":{"line":465,"column":0},"end":{"line":465,"column":23}},"465":{"start":{"line":466,"column":0},"end":{"line":466,"column":64}},"466":{"start":{"line":467,"column":0},"end":{"line":467,"column":6}},"467":{"start":{"line":468,"column":0},"end":{"line":468,"column":3}},"468":{"start":{"line":469,"column":0},"end":{"line":469,"column":1}},"474":{"start":{"line":475,"column":0},"end":{"line":475,"column":41}}},"s":{"0":1,"46":1,"48":40,"51":40,"54":40,"57":40,"66":40,"67":91,"68":91,"69":91,"70":91,"71":3,"72":3,"74":88,"75":88,"76":91,"77":91,"78":91,"79":91,"87":40,"88":36,"89":36,"90":36,"91":36,"92":36,"100":40,"101":26,"102":26,"111":40,"112":43,"113":43,"114":8,"115":35,"116":43,"117":43,"127":40,"128":49,"129":49,"130":49,"131":49,"132":49,"133":49,"134":1,"135":1,"137":49,"138":49,"147":40,"148":53,"149":53,"150":53,"151":53,"152":53,"153":1,"154":1,"156":52,"157":53,"165":40,"166":4,"167":4,"168":4,"176":40,"177":5,"178":5,"187":40,"188":25,"189":25,"207":40,"208":43,"209":43,"210":43,"211":43,"214":43,"215":5,"216":5,"219":43,"220":13,"221":13,"222":13,"223":13,"226":25,"228":43,"230":3,"231":3,"232":3,"233":3,"235":3,"236":1,"237":1,"238":1,"241":3,"242":1,"243":1,"245":1,"246":1,"249":22,"250":22,"251":22,"252":22,"253":22,"255":22,"256":22,"257":22,"259":22,"260":43,"272":40,"273":3,"274":3,"275":3,"276":3,"278":3,"279":2,"280":2,"283":1,"284":1,"287":1,"288":1,"290":1,"291":1,"292":1,"293":1,"294":1,"296":0,"297":3,"314":40,"315":22,"316":22,"317":22,"318":22,"319":22,"320":22,"321":6,"322":6,"325":22,"326":22,"327":5,"328":2,"329":22,"330":2,"331":2,"332":2,"333":2,"334":2,"335":2,"338":20,"339":20,"340":3,"341":1,"342":22,"343":1,"344":1,"345":1,"346":1,"347":1,"348":1,"351":22,"352":1,"353":1,"354":1,"355":1,"358":22,"359":1,"360":1,"361":1,"362":1,"363":1,"364":1,"365":1,"366":1,"367":1,"370":22,"371":16,"372":16,"373":16,"374":16,"375":16,"376":16,"378":1,"379":22,"389":40,"390":2,"391":2,"392":2,"393":2,"394":2,"395":2,"396":2,"397":2,"398":2,"399":2,"400":2,"401":2,"402":2,"412":40,"413":1,"414":1,"415":1,"416":1,"417":1,"418":1,"419":1,"420":1,"421":1,"422":1,"423":1,"424":1,"425":1,"426":1,"438":40,"439":16,"440":16,"441":16,"442":16,"443":16,"444":16,"445":16,"446":16,"447":16,"448":16,"449":16,"450":16,"451":16,"460":40,"461":19,"462":19,"463":19,"464":19,"465":19,"466":19,"467":19,"468":40,"474":1},"branchMap":{"0":{"type":"branch","line":47,"loc":{"start":{"line":47,"column":23},"end":{"line":469,"column":1}},"locations":[{"start":{"line":47,"column":23},"end":{"line":469,"column":1}}]},"1":{"type":"branch","line":67,"loc":{"start":{"line":67,"column":2},"end":{"line":80,"column":3}},"locations":[{"start":{"line":67,"column":2},"end":{"line":80,"column":3}}]},"2":{"type":"branch","line":71,"loc":{"start":{"line":71,"column":39},"end":{"line":73,"column":5}},"locations":[{"start":{"line":71,"column":39},"end":{"line":73,"column":5}}]},"3":{"type":"branch","line":73,"loc":{"start":{"line":73,"column":4},"end":{"line":77,"column":45}},"locations":[{"start":{"line":73,"column":4},"end":{"line":77,"column":45}}]},"4":{"type":"branch","line":73,"loc":{"start":{"line":73,"column":4},"end":{"line":77,"column":43}},"locations":[{"start":{"line":73,"column":4},"end":{"line":77,"column":43}}]},"5":{"type":"branch","line":77,"loc":{"start":{"line":77,"column":32},"end":{"line":77,"column":45}},"locations":[{"start":{"line":77,"column":32},"end":{"line":77,"column":45}}]},"6":{"type":"branch","line":88,"loc":{"start":{"line":88,"column":2},"end":{"line":93,"column":3}},"locations":[{"start":{"line":88,"column":2},"end":{"line":93,"column":3}}]},"7":{"type":"branch","line":101,"loc":{"start":{"line":101,"column":2},"end":{"line":103,"column":3}},"locations":[{"start":{"line":101,"column":2},"end":{"line":103,"column":3}}]},"8":{"type":"branch","line":112,"loc":{"start":{"line":112,"column":10},"end":{"line":118,"column":3}},"locations":[{"start":{"line":112,"column":10},"end":{"line":118,"column":3}}]},"9":{"type":"branch","line":114,"loc":{"start":{"line":114,"column":23},"end":{"line":114,"column":60}},"locations":[{"start":{"line":114,"column":23},"end":{"line":114,"column":60}}]},"10":{"type":"branch","line":114,"loc":{"start":{"line":114,"column":52},"end":{"line":115,"column":23}},"locations":[{"start":{"line":114,"column":52},"end":{"line":115,"column":23}}]},"11":{"type":"branch","line":115,"loc":{"start":{"line":115,"column":22},"end":{"line":116,"column":21}},"locations":[{"start":{"line":115,"column":22},"end":{"line":116,"column":21}}]},"12":{"type":"branch","line":128,"loc":{"start":{"line":128,"column":2},"end":{"line":139,"column":3}},"locations":[{"start":{"line":128,"column":2},"end":{"line":139,"column":3}}]},"13":{"type":"branch","line":134,"loc":{"start":{"line":134,"column":21},"end":{"line":136,"column":5}},"locations":[{"start":{"line":134,"column":21},"end":{"line":136,"column":5}}]},"14":{"type":"branch","line":136,"loc":{"start":{"line":136,"column":4},"end":{"line":138,"column":51}},"locations":[{"start":{"line":136,"column":4},"end":{"line":138,"column":51}}]},"15":{"type":"branch","line":138,"loc":{"start":{"line":138,"column":39},"end":{"line":138,"column":59}},"locations":[{"start":{"line":138,"column":39},"end":{"line":138,"column":59}}]},"16":{"type":"branch","line":148,"loc":{"start":{"line":148,"column":2},"end":{"line":158,"column":3}},"locations":[{"start":{"line":148,"column":2},"end":{"line":158,"column":3}}]},"17":{"type":"branch","line":153,"loc":{"start":{"line":153,"column":21},"end":{"line":155,"column":5}},"locations":[{"start":{"line":153,"column":21},"end":{"line":155,"column":5}}]},"18":{"type":"branch","line":155,"loc":{"start":{"line":155,"column":4},"end":{"line":157,"column":60}},"locations":[{"start":{"line":155,"column":4},"end":{"line":157,"column":60}}]},"19":{"type":"branch","line":166,"loc":{"start":{"line":166,"column":2},"end":{"line":169,"column":3}},"locations":[{"start":{"line":166,"column":2},"end":{"line":169,"column":3}}]},"20":{"type":"branch","line":168,"loc":{"start":{"line":168,"column":11},"end":{"line":168,"column":34}},"locations":[{"start":{"line":168,"column":11},"end":{"line":168,"column":34}}]},"21":{"type":"branch","line":168,"loc":{"start":{"line":168,"column":23},"end":{"line":168,"column":44}},"locations":[{"start":{"line":168,"column":23},"end":{"line":168,"column":44}}]},"22":{"type":"branch","line":177,"loc":{"start":{"line":177,"column":2},"end":{"line":179,"column":3}},"locations":[{"start":{"line":177,"column":2},"end":{"line":179,"column":3}}]},"23":{"type":"branch","line":188,"loc":{"start":{"line":188,"column":2},"end":{"line":190,"column":3}},"locations":[{"start":{"line":188,"column":2},"end":{"line":190,"column":3}}]},"24":{"type":"branch","line":208,"loc":{"start":{"line":208,"column":2},"end":{"line":261,"column":3}},"locations":[{"start":{"line":208,"column":2},"end":{"line":261,"column":3}}]},"25":{"type":"branch","line":215,"loc":{"start":{"line":215,"column":44},"end":{"line":217,"column":5}},"locations":[{"start":{"line":215,"column":44},"end":{"line":217,"column":5}}]},"26":{"type":"branch","line":217,"loc":{"start":{"line":217,"column":4},"end":{"line":220,"column":35}},"locations":[{"start":{"line":217,"column":4},"end":{"line":220,"column":35}}]},"27":{"type":"branch","line":220,"loc":{"start":{"line":220,"column":35},"end":{"line":224,"column":5}},"locations":[{"start":{"line":220,"column":35},"end":{"line":224,"column":5}}]},"28":{"type":"branch","line":224,"loc":{"start":{"line":224,"column":4},"end":{"line":229,"column":19}},"locations":[{"start":{"line":224,"column":4},"end":{"line":229,"column":19}}]},"29":{"type":"branch","line":229,"loc":{"start":{"line":229,"column":19},"end":{"line":247,"column":5}},"locations":[{"start":{"line":229,"column":19},"end":{"line":247,"column":5}}]},"30":{"type":"branch","line":236,"loc":{"start":{"line":236,"column":45},"end":{"line":239,"column":7}},"locations":[{"start":{"line":236,"column":45},"end":{"line":239,"column":7}}]},"31":{"type":"branch","line":239,"loc":{"start":{"line":239,"column":6},"end":{"line":242,"column":33}},"locations":[{"start":{"line":239,"column":6},"end":{"line":242,"column":33}}]},"32":{"type":"branch","line":242,"loc":{"start":{"line":242,"column":33},"end":{"line":247,"column":5}},"locations":[{"start":{"line":242,"column":33},"end":{"line":247,"column":5}}]},"33":{"type":"branch","line":247,"loc":{"start":{"line":247,"column":4},"end":{"line":260,"column":20}},"locations":[{"start":{"line":247,"column":4},"end":{"line":260,"column":20}}]},"34":{"type":"branch","line":273,"loc":{"start":{"line":273,"column":2},"end":{"line":298,"column":3}},"locations":[{"start":{"line":273,"column":2},"end":{"line":298,"column":3}}]},"35":{"type":"branch","line":279,"loc":{"start":{"line":279,"column":9},"end":{"line":279,"column":34}},"locations":[{"start":{"line":279,"column":9},"end":{"line":279,"column":34}}]},"36":{"type":"branch","line":279,"loc":{"start":{"line":279,"column":34},"end":{"line":281,"column":5}},"locations":[{"start":{"line":279,"column":34},"end":{"line":281,"column":5}}]},"37":{"type":"branch","line":281,"loc":{"start":{"line":281,"column":4},"end":{"line":295,"column":5}},"locations":[{"start":{"line":281,"column":4},"end":{"line":295,"column":5}}]},"38":{"type":"branch","line":295,"loc":{"start":{"line":295,"column":4},"end":{"line":297,"column":21}},"locations":[{"start":{"line":295,"column":4},"end":{"line":297,"column":21}}]},"39":{"type":"branch","line":315,"loc":{"start":{"line":315,"column":2},"end":{"line":380,"column":3}},"locations":[{"start":{"line":315,"column":2},"end":{"line":380,"column":3}}]},"40":{"type":"branch","line":321,"loc":{"start":{"line":321,"column":26},"end":{"line":322,"column":26}},"locations":[{"start":{"line":321,"column":26},"end":{"line":322,"column":26}}]},"41":{"type":"branch","line":322,"loc":{"start":{"line":322,"column":19},"end":{"line":323,"column":28}},"locations":[{"start":{"line":322,"column":19},"end":{"line":323,"column":28}}]},"42":{"type":"branch","line":327,"loc":{"start":{"line":327,"column":6},"end":{"line":328,"column":33}},"locations":[{"start":{"line":327,"column":6},"end":{"line":328,"column":33}}]},"43":{"type":"branch","line":328,"loc":{"start":{"line":328,"column":22},"end":{"line":329,"column":56}},"locations":[{"start":{"line":328,"column":22},"end":{"line":329,"column":56}}]},"44":{"type":"branch","line":330,"loc":{"start":{"line":330,"column":6},"end":{"line":336,"column":5}},"locations":[{"start":{"line":330,"column":6},"end":{"line":336,"column":5}}]},"45":{"type":"branch","line":336,"loc":{"start":{"line":336,"column":4},"end":{"line":340,"column":14}},"locations":[{"start":{"line":336,"column":4},"end":{"line":340,"column":14}}]},"46":{"type":"branch","line":340,"loc":{"start":{"line":340,"column":6},"end":{"line":341,"column":31}},"locations":[{"start":{"line":340,"column":6},"end":{"line":341,"column":31}}]},"47":{"type":"branch","line":341,"loc":{"start":{"line":341,"column":20},"end":{"line":342,"column":54}},"locations":[{"start":{"line":341,"column":20},"end":{"line":342,"column":54}}]},"48":{"type":"branch","line":343,"loc":{"start":{"line":343,"column":6},"end":{"line":349,"column":5}},"locations":[{"start":{"line":343,"column":6},"end":{"line":349,"column":5}}]},"49":{"type":"branch","line":349,"loc":{"start":{"line":349,"column":4},"end":{"line":352,"column":17}},"locations":[{"start":{"line":349,"column":4},"end":{"line":352,"column":17}}]},"50":{"type":"branch","line":352,"loc":{"start":{"line":352,"column":8},"end":{"line":352,"column":41}},"locations":[{"start":{"line":352,"column":8},"end":{"line":352,"column":41}}]},"51":{"type":"branch","line":352,"loc":{"start":{"line":352,"column":41},"end":{"line":356,"column":5}},"locations":[{"start":{"line":352,"column":41},"end":{"line":356,"column":5}}]},"52":{"type":"branch","line":356,"loc":{"start":{"line":356,"column":4},"end":{"line":359,"column":17}},"locations":[{"start":{"line":356,"column":4},"end":{"line":359,"column":17}}]},"53":{"type":"branch","line":359,"loc":{"start":{"line":359,"column":8},"end":{"line":359,"column":44}},"locations":[{"start":{"line":359,"column":8},"end":{"line":359,"column":44}}]},"54":{"type":"branch","line":359,"loc":{"start":{"line":359,"column":44},"end":{"line":368,"column":5}},"locations":[{"start":{"line":359,"column":44},"end":{"line":368,"column":5}}]},"55":{"type":"branch","line":368,"loc":{"start":{"line":368,"column":4},"end":{"line":371,"column":40}},"locations":[{"start":{"line":368,"column":4},"end":{"line":371,"column":40}}]},"56":{"type":"branch","line":371,"loc":{"start":{"line":371,"column":40},"end":{"line":377,"column":5}},"locations":[{"start":{"line":371,"column":40},"end":{"line":377,"column":5}}]},"57":{"type":"branch","line":377,"loc":{"start":{"line":377,"column":4},"end":{"line":379,"column":25}},"locations":[{"start":{"line":377,"column":4},"end":{"line":379,"column":25}}]},"58":{"type":"branch","line":390,"loc":{"start":{"line":390,"column":2},"end":{"line":403,"column":3}},"locations":[{"start":{"line":390,"column":2},"end":{"line":403,"column":3}}]},"59":{"type":"branch","line":395,"loc":{"start":{"line":395,"column":34},"end":{"line":395,"column":47}},"locations":[{"start":{"line":395,"column":34},"end":{"line":395,"column":47}}]},"60":{"type":"branch","line":413,"loc":{"start":{"line":413,"column":2},"end":{"line":427,"column":3}},"locations":[{"start":{"line":413,"column":2},"end":{"line":427,"column":3}}]},"61":{"type":"branch","line":439,"loc":{"start":{"line":439,"column":2},"end":{"line":452,"column":3}},"locations":[{"start":{"line":439,"column":2},"end":{"line":452,"column":3}}]},"62":{"type":"branch","line":461,"loc":{"start":{"line":461,"column":2},"end":{"line":468,"column":3}},"locations":[{"start":{"line":461,"column":2},"end":{"line":468,"column":3}}]},"63":{"type":"branch","line":466,"loc":{"start":{"line":466,"column":23},"end":{"line":466,"column":62}},"locations":[{"start":{"line":466,"column":23},"end":{"line":466,"column":62}}]}},"b":{"0":[40],"1":[91],"2":[3],"3":[90],"4":[88],"5":[81],"6":[36],"7":[26],"8":[43],"9":[38],"10":[8],"11":[35],"12":[49],"13":[1],"14":[48],"15":[31],"16":[53],"17":[1],"18":[52],"19":[4],"20":[3],"21":[1],"22":[5],"23":[25],"24":[43],"25":[5],"26":[38],"27":[13],"28":[25],"29":[3],"30":[1],"31":[2],"32":[1],"33":[22],"34":[3],"35":[1],"36":[2],"37":[1],"38":[0],"39":[22],"40":[6],"41":[6],"42":[5],"43":[2],"44":[2],"45":[20],"46":[3],"47":[1],"48":[1],"49":[19],"50":[2],"51":[1],"52":[18],"53":[1],"54":[1],"55":[17],"56":[16],"57":[1],"58":[2],"59":[1],"60":[1],"61":[16],"62":[19],"63":[3]},"fnMap":{"0":{"name":"<instance_members_initializer>","decl":{"start":{"line":47,"column":23},"end":{"line":469,"column":1}},"loc":{"start":{"line":47,"column":23},"end":{"line":469,"column":1}},"line":47},"1":{"name":"addModule","decl":{"start":{"line":67,"column":2},"end":{"line":80,"column":3}},"loc":{"start":{"line":67,"column":2},"end":{"line":80,"column":3}},"line":67},"2":{"name":"setModuleMetadata","decl":{"start":{"line":88,"column":2},"end":{"line":93,"column":3}},"loc":{"start":{"line":88,"column":2},"end":{"line":93,"column":3}},"line":88},"3":{"name":"hasModule","decl":{"start":{"line":101,"column":2},"end":{"line":103,"column":3}},"loc":{"start":{"line":101,"column":2},"end":{"line":103,"column":3}},"line":101},"4":{"name":"getCacheKey","decl":{"start":{"line":112,"column":10},"end":{"line":118,"column":3}},"loc":{"start":{"line":112,"column":10},"end":{"line":118,"column":3}},"line":112},"5":{"name":"addProvider","decl":{"start":{"line":128,"column":2},"end":{"line":139,"column":3}},"loc":{"start":{"line":128,"column":2},"end":{"line":139,"column":3}},"line":128},"6":{"name":"getProvider","decl":{"start":{"line":148,"column":2},"end":{"line":158,"column":3}},"loc":{"start":{"line":148,"column":2},"end":{"line":158,"column":3}},"line":148},"7":{"name":"getModuleExports","decl":{"start":{"line":166,"column":2},"end":{"line":169,"column":3}},"loc":{"start":{"line":166,"column":2},"end":{"line":169,"column":3}},"line":166},"8":{"name":"getModuleMetadata","decl":{"start":{"line":177,"column":2},"end":{"line":179,"column":3}},"loc":{"start":{"line":177,"column":2},"end":{"line":179,"column":3}},"line":177},"9":{"name":"registerInstance","decl":{"start":{"line":188,"column":2},"end":{"line":190,"column":3}},"loc":{"start":{"line":188,"column":2},"end":{"line":190,"column":3}},"line":188},"10":{"name":"resolve","decl":{"start":{"line":208,"column":2},"end":{"line":261,"column":3}},"loc":{"start":{"line":208,"column":2},"end":{"line":261,"column":3}},"line":208},"11":{"name":"resolveFromImports","decl":{"start":{"line":273,"column":2},"end":{"line":298,"column":3}},"loc":{"start":{"line":273,"column":2},"end":{"line":298,"column":3}},"line":273},"12":{"name":"instantiateProvider","decl":{"start":{"line":315,"column":2},"end":{"line":380,"column":3}},"loc":{"start":{"line":315,"column":2},"end":{"line":380,"column":3}},"line":315},"13":{"name":"instantiateFactoryProvider","decl":{"start":{"line":390,"column":2},"end":{"line":403,"column":3}},"loc":{"start":{"line":390,"column":2},"end":{"line":403,"column":3}},"line":390},"14":{"name":"instantiateClassProvider","decl":{"start":{"line":413,"column":2},"end":{"line":427,"column":3}},"loc":{"start":{"line":413,"column":2},"end":{"line":427,"column":3}},"line":413},"15":{"name":"instantiateClassConstructor","decl":{"start":{"line":439,"column":2},"end":{"line":452,"column":3}},"loc":{"start":{"line":439,"column":2},"end":{"line":452,"column":3}},"line":439},"16":{"name":"resolveDependencies","decl":{"start":{"line":461,"column":2},"end":{"line":468,"column":3}},"loc":{"start":{"line":461,"column":2},"end":{"line":468,"column":3}},"line":461}},"f":{"0":40,"1":91,"2":36,"3":26,"4":43,"5":49,"6":53,"7":4,"8":5,"9":25,"10":43,"11":3,"12":22,"13":2,"14":1,"15":16,"16":19}}
,"/Users/traeop/Documents/projects/npm/electron-modular/src/@core/bootstrap/bootstrap.ts": {"path":"/Users/traeop/Documents/projects/npm/electron-modular/src/@core/bootstrap/bootstrap.ts","all":false,"statementMap":{"0":{"start":{"line":1,"column":0},"end":{"line":1,"column":3}},"26":{"start":{"line":27,"column":0},"end":{"line":27,"column":29}},"27":{"start":{"line":28,"column":0},"end":{"line":28,"column":27}},"28":{"start":{"line":29,"column":0},"end":{"line":29,"column":29}},"29":{"start":{"line":30,"column":0},"end":{"line":30,"column":14}},"30":{"start":{"line":31,"column":0},"end":{"line":31,"column":41}},"32":{"start":{"line":33,"column":0},"end":{"line":33,"column":67}},"33":{"start":{"line":34,"column":0},"end":{"line":34,"column":56}},"34":{"start":{"line":35,"column":0},"end":{"line":35,"column":3}},"36":{"start":{"line":37,"column":0},"end":{"line":37,"column":24}},"37":{"start":{"line":38,"column":0},"end":{"line":38,"column":2}},"58":{"start":{"line":59,"column":0},"end":{"line":59,"column":39}},"59":{"start":{"line":60,"column":0},"end":{"line":60,"column":30}},"60":{"start":{"line":61,"column":0},"end":{"line":61,"column":21}},"61":{"start":{"line":62,"column":0},"end":{"line":62,"column":56}},"63":{"start":{"line":64,"column":0},"end":{"line":64,"column":43}},"64":{"start":{"line":65,"column":0},"end":{"line":65,"column":68}},"68":{"start":{"line":69,"column":0},"end":{"line":69,"column":20}},"69":{"start":{"line":70,"column":0},"end":{"line":70,"column":62}},"70":{"start":{"line":71,"column":0},"end":{"line":71,"column":5}},"72":{"start":{"line":73,"column":0},"end":{"line":73,"column":33}},"73":{"start":{"line":74,"column":0},"end":{"line":74,"column":65}},"74":{"start":{"line":75,"column":0},"end":{"line":75,"column":62}},"76":{"start":{"line":77,"column":0},"end":{"line":77,"column":27}},"77":{"start":{"line":78,"column":0},"end":{"line":78,"column":44}},"78":{"start":{"line":79,"column":0},"end":{"line":79,"column":18}},"79":{"start":{"line":80,"column":0},"end":{"line":80,"column":25}},"80":{"start":{"line":81,"column":0},"end":{"line":81,"column":27}},"81":{"start":{"line":82,"column":0},"end":{"line":82,"column":10}},"82":{"start":{"line":83,"column":0},"end":{"line":83,"column":7}},"84":{"start":{"line":85,"column":0},"end":{"line":85,"column":57}},"86":{"start":{"line":87,"column":0},"end":{"line":87,"column":48}},"87":{"start":{"line":88,"column":0},"end":{"line":88,"column":15}},"88":{"start":{"line":89,"column":0},"end":{"line":89,"column":5}},"90":{"start":{"line":91,"column":0},"end":{"line":91,"column":50}},"91":{"start":{"line":92,"column":0},"end":{"line":92,"column":41}},"92":{"start":{"line":93,"column":0},"end":{"line":93,"column":54}},"94":{"start":{"line":95,"column":0},"end":{"line":95,"column":60}},"95":{"start":{"line":96,"column":0},"end":{"line":96,"column":19}},"96":{"start":{"line":97,"column":0},"end":{"line":97,"column":112}},"97":{"start":{"line":98,"column":0},"end":{"line":98,"column":8}},"98":{"start":{"line":99,"column":0},"end":{"line":99,"column":5}},"100":{"start":{"line":101,"column":0},"end":{"line":101,"column":55}},"101":{"start":{"line":102,"column":0},"end":{"line":102,"column":3}},"102":{"start":{"line":103,"column":0},"end":{"line":103,"column":2}}},"s":{"0":1,"26":1,"27":8,"28":8,"29":8,"30":8,"32":8,"33":1,"34":1,"36":7,"37":7,"58":1,"59":14,"60":14,"61":14,"63":14,"64":22,"68":22,"69":2,"70":2,"72":22,"73":8,"74":8,"76":8,"77":1,"78":1,"79":1,"80":1,"81":1,"82":1,"84":6,"86":6,"87":6,"88":6,"90":12,"91":12,"92":12,"94":22,"95":0,"96":0,"97":0,"98":0,"100":12,"101":12,"102":10},"branchMap":{"0":{"type":"branch","line":27,"loc":{"start":{"line":27,"column":28},"end":{"line":38,"column":2}},"locations":[{"start":{"line":27,"column":28},"end":{"line":38,"column":2}}]},"1":{"type":"branch","line":33,"loc":{"start":{"line":33,"column":66},"end":{"line":35,"column":3}},"locations":[{"start":{"line":33,"column":66},"end":{"line":35,"column":3}}]},"2":{"type":"branch","line":35,"loc":{"start":{"line":35,"column":2},"end":{"line":38,"column":2}},"locations":[{"start":{"line":35,"column":2},"end":{"line":38,"column":2}}]},"3":{"type":"branch","line":59,"loc":{"start":{"line":59,"column":32},"end":{"line":103,"column":2}},"locations":[{"start":{"line":59,"column":32},"end":{"line":103,"column":2}}]},"4":{"type":"branch","line":64,"loc":{"start":{"line":64,"column":42},"end":{"line":102,"column":3}},"locations":[{"start":{"line":64,"column":42},"end":{"line":102,"column":3}}]},"5":{"type":"branch","line":69,"loc":{"start":{"line":69,"column":19},"end":{"line":71,"column":5}},"locations":[{"start":{"line":69,"column":19},"end":{"line":71,"column":5}}]},"6":{"type":"branch","line":71,"loc":{"start":{"line":71,"column":4},"end":{"line":73,"column":23}},"locations":[{"start":{"line":71,"column":4},"end":{"line":73,"column":23}}]},"7":{"type":"branch","line":73,"loc":{"start":{"line":73,"column":17},"end":{"line":73,"column":32}},"locations":[{"start":{"line":73,"column":17},"end":{"line":73,"column":32}}]},"8":{"type":"branch","line":73,"loc":{"start":{"line":73,"column":32},"end":{"line":89,"column":5}},"locations":[{"start":{"line":73,"column":32},"end":{"line":89,"column":5}}]},"9":{"type":"branch","line":77,"loc":{"start":{"line":77,"column":26},"end":{"line":89,"column":5}},"locations":[{"start":{"line":77,"column":26},"end":{"line":89,"column":5}}]},"10":{"type":"branch","line":77,"loc":{"start":{"line":77,"column":26},"end":{"line":83,"column":7}},"locations":[{"start":{"line":77,"column":26},"end":{"line":83,"column":7}}]},"11":{"type":"branch","line":89,"loc":{"start":{"line":89,"column":4},"end":{"line":95,"column":26}},"locations":[{"start":{"line":89,"column":4},"end":{"line":95,"column":26}}]},"12":{"type":"branch","line":95,"loc":{"start":{"line":95,"column":17},"end":{"line":95,"column":36}},"locations":[{"start":{"line":95,"column":17},"end":{"line":95,"column":36}}]},"13":{"type":"branch","line":95,"loc":{"start":{"line":95,"column":26},"end":{"line":95,"column":59}},"locations":[{"start":{"line":95,"column":26},"end":{"line":95,"column":59}}]},"14":{"type":"branch","line":95,"loc":{"start":{"line":95,"column":59},"end":{"line":99,"column":5}},"locations":[{"start":{"line":95,"column":59},"end":{"line":99,"column":5}}]},"15":{"type":"branch","line":99,"loc":{"start":{"line":99,"column":4},"end":{"line":102,"column":3}},"locations":[{"start":{"line":99,"column":4},"end":{"line":102,"column":3}}]},"16":{"type":"branch","line":102,"loc":{"start":{"line":102,"column":2},"end":{"line":103,"column":2}},"locations":[{"start":{"line":102,"column":2},"end":{"line":103,"column":2}}]}},"b":{"0":[8],"1":[1],"2":[7],"3":[14],"4":[22],"5":[2],"6":[20],"7":[8],"8":[8],"9":[6],"10":[1],"11":[12],"12":[0],"13":[0],"14":[0],"15":[12],"16":[10]},"fnMap":{"0":{"name":"getValidLazyTrigger","decl":{"start":{"line":27,"column":28},"end":{"line":38,"column":2}},"loc":{"start":{"line":27,"column":28},"end":{"line":38,"column":2}},"line":27},"1":{"name":"bootstrapModules","decl":{"start":{"line":59,"column":32},"end":{"line":103,"column":2}},"loc":{"start":{"line":59,"column":32},"end":{"line":103,"column":2}},"line":59}},"f":{"0":8,"1":14}}
,"/Users/traeop/Documents/projects/npm/electron-modular/src/@core/bootstrap/initialize-module.ts": {"path":"/Users/traeop/Documents/projects/npm/electron-modular/src/@core/bootstrap/initialize-module.ts","all":false,"statementMap":{"0":{"start":{"line":1,"column":0},"end":{"line":1,"column":3}},"35":{"start":{"line":36,"column":0},"end":{"line":36,"column":39}},"36":{"start":{"line":37,"column":0},"end":{"line":37,"column":27}},"37":{"start":{"line":38,"column":0},"end":{"line":38,"column":29}},"38":{"start":{"line":39,"column":0},"end":{"line":39,"column":21}},"39":{"start":{"line":40,"column":0},"end":{"line":40,"column":65}},"40":{"start":{"line":41,"column":0},"end":{"line":41,"column":53}},"42":{"start":{"line":43,"column":0},"end":{"line":43,"column":21}},"43":{"start":{"line":44,"column":0},"end":{"line":44,"column":11}},"44":{"start":{"line":45,"column":0},"end":{"line":45,"column":3}},"46":{"start":{"line":47,"column":0},"end":{"line":47,"column":21}},"47":{"start":{"line":48,"column":0},"end":{"line":48,"column":45}},"48":{"start":{"line":49,"column":0},"end":{"line":49,"column":30}},"49":{"start":{"line":50,"column":0},"end":{"line":50,"column":43}},"50":{"start":{"line":51,"column":0},"end":{"line":51,"column":47}},"51":{"start":{"line":52,"column":0},"end":{"line":52,"column":5}},"52":{"start":{"line":53,"column":0},"end":{"line":53,"column":2}}},"s":{"0":1,"35":1,"36":34,"37":34,"38":34,"39":34,"40":34,"42":34,"43":2,"44":2,"46":32,"47":32,"48":32,"49":32,"50":32,"51":32,"52":32},"branchMap":{"0":{"type":"branch","line":36,"loc":{"start":{"line":36,"column":32},"end":{"line":53,"column":2}},"locations":[{"start":{"line":36,"column":32},"end":{"line":53,"column":2}}]},"1":{"type":"branch","line":43,"loc":{"start":{"line":43,"column":20},"end":{"line":45,"column":3}},"locations":[{"start":{"line":43,"column":20},"end":{"line":45,"column":3}}]},"2":{"type":"branch","line":45,"loc":{"start":{"line":45,"column":2},"end":{"line":53,"column":2}},"locations":[{"start":{"line":45,"column":2},"end":{"line":53,"column":2}}]}},"b":{"0":[34],"1":[2],"2":[32]},"fnMap":{"0":{"name":"initializeModule","decl":{"start":{"line":36,"column":32},"end":{"line":53,"column":2}},"loc":{"start":{"line":36,"column":32},"end":{"line":53,"column":2}},"line":36}},"f":{"0":34}}
,"/Users/traeop/Documents/projects/npm/electron-modular/src/@core/bootstrap/instantiate-module.ts": {"path":"/Users/traeop/Documents/projects/npm/electron-modular/src/@core/bootstrap/instantiate-module.ts","all":false,"statementMap":{"0":{"start":{"line":1,"column":0},"end":{"line":1,"column":3}},"30":{"start":{"line":31,"column":0},"end":{"line":31,"column":40}},"31":{"start":{"line":32,"column":0},"end":{"line":32,"column":27}},"32":{"start":{"line":33,"column":0},"end":{"line":33,"column":24}},"33":{"start":{"line":34,"column":0},"end":{"line":34,"column":56}},"34":{"start":{"line":35,"column":0},"end":{"line":35,"column":49}},"35":{"start":{"line":36,"column":0},"end":{"line":36,"column":36}},"36":{"start":{"line":37,"column":0},"end":{"line":37,"column":49}},"37":{"start":{"line":38,"column":0},"end":{"line":38,"column":6}},"38":{"start":{"line":39,"column":0},"end":{"line":39,"column":4}},"40":{"start":{"line":41,"column":0},"end":{"line":41,"column":60}},"41":{"start":{"line":42,"column":0},"end":{"line":42,"column":52}},"43":{"start":{"line":44,"column":0},"end":{"line":44,"column":18}},"44":{"start":{"line":45,"column":0},"end":{"line":45,"column":2}}},"s":{"0":1,"30":1,"31":25,"32":25,"33":25,"34":25,"35":25,"36":5,"37":25,"38":25,"40":25,"41":25,"43":25,"44":25},"branchMap":{"0":{"type":"branch","line":31,"loc":{"start":{"line":31,"column":33},"end":{"line":45,"column":2}},"locations":[{"start":{"line":31,"column":33},"end":{"line":45,"column":2}}]},"1":{"type":"branch","line":36,"loc":{"start":{"line":36,"column":21},"end":{"line":37,"column":49}},"locations":[{"start":{"line":36,"column":21},"end":{"line":37,"column":49}}]}},"b":{"0":[25],"1":[5]},"fnMap":{"0":{"name":"instantiateModule","decl":{"start":{"line":31,"column":33},"end":{"line":45,"column":2}},"loc":{"start":{"line":31,"column":33},"end":{"line":45,"column":2}},"line":31}},"f":{"0":25}}
,"/Users/traeop/Documents/projects/npm/electron-modular/src/@core/bootstrap/register-imports.ts": {"path":"/Users/traeop/Documents/projects/npm/electron-modular/src/@core/bootstrap/register-imports.ts","all":false,"statementMap":{"0":{"start":{"line":1,"column":0},"end":{"line":1,"column":3}},"21":{"start":{"line":22,"column":0},"end":{"line":22,"column":38}},"22":{"start":{"line":23,"column":0},"end":{"line":23,"column":29}},"23":{"start":{"line":24,"column":0},"end":{"line":24,"column":21}},"24":{"start":{"line":25,"column":0},"end":{"line":25,"column":26}},"25":{"start":{"line":26,"column":0},"end":{"line":26,"column":11}},"26":{"start":{"line":27,"column":0},"end":{"line":27,"column":3}},"28":{"start":{"line":29,"column":0},"end":{"line":29,"column":55}},"29":{"start":{"line":30,"column":0},"end":{"line":30,"column":55}},"30":{"start":{"line":31,"column":0},"end":{"line":31,"column":17}},"31":{"start":{"line":32,"column":0},"end":{"line":32,"column":26}},"32":{"start":{"line":33,"column":0},"end":{"line":33,"column":38}},"34":{"start":{"line":35,"column":0},"end":{"line":35,"column":33}},"35":{"start":{"line":36,"column":0},"end":{"line":36,"column":74}},"36":{"start":{"line":37,"column":0},"end":{"line":37,"column":5}},"37":{"start":{"line":38,"column":0},"end":{"line":38,"column":3}},"38":{"start":{"line":39,"column":0},"end":{"line":39,"column":2}}},"s":{"0":1,"21":1,"22":39,"23":39,"24":39,"25":29,"26":29,"28":10,"29":10,"30":10,"31":10,"32":10,"34":10,"35":9,"36":9,"37":10,"38":10},"branchMap":{"0":{"type":"branch","line":22,"loc":{"start":{"line":22,"column":31},"end":{"line":39,"column":2}},"locations":[{"start":{"line":22,"column":31},"end":{"line":39,"column":2}}]},"1":{"type":"branch","line":25,"loc":{"start":{"line":25,"column":25},"end":{"line":27,"column":3}},"locations":[{"start":{"line":25,"column":25},"end":{"line":27,"column":3}}]},"2":{"type":"branch","line":27,"loc":{"start":{"line":27,"column":2},"end":{"line":39,"column":2}},"locations":[{"start":{"line":27,"column":2},"end":{"line":39,"column":2}}]},"3":{"type":"branch","line":35,"loc":{"start":{"line":35,"column":32},"end":{"line":37,"column":5}},"locations":[{"start":{"line":35,"column":32},"end":{"line":37,"column":5}}]}},"b":{"0":[39],"1":[29],"2":[10],"3":[9]},"fnMap":{"0":{"name":"registerImports","decl":{"start":{"line":22,"column":31},"end":{"line":39,"column":2}},"loc":{"start":{"line":22,"column":31},"end":{"line":39,"column":2}},"line":22}},"f":{"0":39}}
,"/Users/traeop/Documents/projects/npm/electron-modular/src/@core/bootstrap/register-ipc-handlers.ts": {"path":"/Users/traeop/Documents/projects/npm/electron-modular/src/@core/bootstrap/register-ipc-handlers.ts","all":false,"statementMap":{"0":{"start":{"line":1,"column":0},"end":{"line":1,"column":3}},"23":{"start":{"line":24,"column":0},"end":{"line":24,"column":42}},"24":{"start":{"line":25,"column":0},"end":{"line":25,"column":27}},"25":{"start":{"line":26,"column":0},"end":{"line":26,"column":29}},"26":{"start":{"line":27,"column":0},"end":{"line":27,"column":21}},"27":{"start":{"line":28,"column":0},"end":{"line":28,"column":22}},"28":{"start":{"line":29,"column":0},"end":{"line":29,"column":11}},"29":{"start":{"line":30,"column":0},"end":{"line":30,"column":3}},"31":{"start":{"line":32,"column":0},"end":{"line":32,"column":40}},"32":{"start":{"line":33,"column":0},"end":{"line":33,"column":49}},"33":{"start":{"line":34,"column":0},"end":{"line":34,"column":3}},"34":{"start":{"line":35,"column":0},"end":{"line":35,"column":2}}},"s":{"0":1,"23":1,"24":37,"25":37,"26":37,"27":37,"28":32,"29":32,"31":6,"32":6,"33":6,"34":5},"branchMap":{"0":{"type":"branch","line":24,"loc":{"start":{"line":24,"column":35},"end":{"line":35,"column":2}},"locations":[{"start":{"line":24,"column":35},"end":{"line":35,"column":2}}]},"1":{"type":"branch","line":28,"loc":{"start":{"line":28,"column":21},"end":{"line":30,"column":3}},"locations":[{"start":{"line":28,"column":21},"end":{"line":30,"column":3}}]},"2":{"type":"branch","line":30,"loc":{"start":{"line":30,"column":2},"end":{"line":35,"column":2}},"locations":[{"start":{"line":30,"column":2},"end":{"line":35,"column":2}}]},"3":{"type":"branch","line":30,"loc":{"start":{"line":30,"column":2},"end":{"line":32,"column":39}},"locations":[{"start":{"line":30,"column":2},"end":{"line":32,"column":39}}]},"4":{"type":"branch","line":34,"loc":{"start":{"line":34,"column":2},"end":{"line":35,"column":2}},"locations":[{"start":{"line":34,"column":2},"end":{"line":35,"column":2}}]}},"b":{"0":[37],"1":[32],"2":[6],"3":[5],"4":[5]},"fnMap":{"0":{"name":"registerIpcHandlers","decl":{"start":{"line":24,"column":35},"end":{"line":35,"column":2}},"loc":{"start":{"line":24,"column":35},"end":{"line":35,"column":2}},"line":24}},"f":{"0":37}}
,"/Users/traeop/Documents/projects/npm/electron-modular/src/@core/bootstrap/register-lazy-module.ts": {"path":"/Users/traeop/Documents/projects/npm/electron-modular/src/@core/bootstrap/register-lazy-module.ts","all":false,"statementMap":{"0":{"start":{"line":1,"column":0},"end":{"line":1,"column":3}},"20":{"start":{"line":21,"column":0},"end":{"line":21,"column":29}},"21":{"start":{"line":22,"column":0},"end":{"line":22,"column":27}},"22":{"start":{"line":23,"column":0},"end":{"line":23,"column":29}},"23":{"start":{"line":24,"column":0},"end":{"line":24,"column":14}},"24":{"start":{"line":25,"column":0},"end":{"line":25,"column":41}},"26":{"start":{"line":27,"column":0},"end":{"line":27,"column":67}},"27":{"start":{"line":28,"column":0},"end":{"line":28,"column":56}},"28":{"start":{"line":29,"column":0},"end":{"line":29,"column":3}},"30":{"start":{"line":31,"column":0},"end":{"line":31,"column":24}},"31":{"start":{"line":32,"column":0},"end":{"line":32,"column":2}},"47":{"start":{"line":48,"column":0},"end":{"line":48,"column":35}},"48":{"start":{"line":49,"column":0},"end":{"line":49,"column":27}},"49":{"start":{"line":50,"column":0},"end":{"line":50,"column":29}},"50":{"start":{"line":51,"column":0},"end":{"line":51,"column":12}},"51":{"start":{"line":52,"column":0},"end":{"line":52,"column":61}},"52":{"start":{"line":53,"column":0},"end":{"line":53,"column":62}},"54":{"start":{"line":55,"column":0},"end":{"line":55,"column":69}},"55":{"start":{"line":56,"column":0},"end":{"line":56,"column":22}},"56":{"start":{"line":57,"column":0},"end":{"line":57,"column":25}},"57":{"start":{"line":58,"column":0},"end":{"line":58,"column":5}},"59":{"start":{"line":60,"column":0},"end":{"line":60,"column":62}},"60":{"start":{"line":61,"column":0},"end":{"line":61,"column":11}},"61":{"start":{"line":62,"column":0},"end":{"line":62,"column":54}},"62":{"start":{"line":63,"column":0},"end":{"line":63,"column":45}},"63":{"start":{"line":64,"column":0},"end":{"line":64,"column":58}},"65":{"start":{"line":66,"column":0},"end":{"line":66,"column":64}},"66":{"start":{"line":67,"column":0},"end":{"line":67,"column":23}},"67":{"start":{"line":68,"column":0},"end":{"line":68,"column":116}},"68":{"start":{"line":69,"column":0},"end":{"line":69,"column":12}},"69":{"start":{"line":70,"column":0},"end":{"line":70,"column":9}},"71":{"start":{"line":72,"column":0},"end":{"line":72,"column":59}},"73":{"start":{"line":74,"column":0},"end":{"line":74,"column":16}},"74":{"start":{"line":75,"column":0},"end":{"line":75,"column":28}},"75":{"start":{"line":76,"column":0},"end":{"line":76,"column":24}},"76":{"start":{"line":77,"column":0},"end":{"line":77,"column":10}},"77":{"start":{"line":78,"column":0},"end":{"line":78,"column":23}},"78":{"start":{"line":79,"column":0},"end":{"line":79,"column":27}},"80":{"start":{"line":81,"column":0},"end":{"line":81,"column":16}},"81":{"start":{"line":82,"column":0},"end":{"line":82,"column":29}},"82":{"start":{"line":83,"column":0},"end":{"line":83,"column":24}},"83":{"start":{"line":84,"column":0},"end":{"line":84,"column":18}},"84":{"start":{"line":85,"column":0},"end":{"line":85,"column":76}},"85":{"start":{"line":86,"column":0},"end":{"line":86,"column":12}},"86":{"start":{"line":87,"column":0},"end":{"line":87,"column":10}},"87":{"start":{"line":88,"column":0},"end":{"line":88,"column":7}},"88":{"start":{"line":89,"column":0},"end":{"line":89,"column":9}},"90":{"start":{"line":91,"column":0},"end":{"line":91,"column":23}},"91":{"start":{"line":92,"column":0},"end":{"line":92,"column":5}},"92":{"start":{"line":93,"column":0},"end":{"line":93,"column":2}}},"s":{"0":1,"20":1,"21":13,"22":13,"23":13,"24":13,"26":13,"27":1,"28":1,"30":12,"31":12,"47":1,"48":13,"49":13,"50":13,"51":13,"52":13,"54":13,"55":6,"56":1,"57":1,"59":5,"60":5,"61":5,"62":5,"63":3,"65":5,"66":0,"67":0,"68":0,"69":0,"71":3,"73":3,"74":3,"75":3,"76":3,"77":5,"78":2,"80":2,"81":2,"82":2,"83":2,"84":2,"85":2,"86":2,"87":2,"88":5,"90":5,"91":13,"92":13},"branchMap":{"0":{"type":"branch","line":21,"loc":{"start":{"line":21,"column":28},"end":{"line":32,"column":2}},"locations":[{"start":{"line":21,"column":28},"end":{"line":32,"column":2}}]},"1":{"type":"branch","line":27,"loc":{"start":{"line":27,"column":66},"end":{"line":29,"column":3}},"locations":[{"start":{"line":27,"column":66},"end":{"line":29,"column":3}}]},"2":{"type":"branch","line":29,"loc":{"start":{"line":29,"column":2},"end":{"line":32,"column":2}},"locations":[{"start":{"line":29,"column":2},"end":{"line":32,"column":2}}]},"3":{"type":"branch","line":48,"loc":{"start":{"line":48,"column":34},"end":{"line":93,"column":2}},"locations":[{"start":{"line":48,"column":34},"end":{"line":93,"column":2}}]},"4":{"type":"branch","line":55,"loc":{"start":{"line":55,"column":26},"end":{"line":92,"column":3}},"locations":[{"start":{"line":55,"column":26},"end":{"line":92,"column":3}}]},"5":{"type":"branch","line":56,"loc":{"start":{"line":56,"column":21},"end":{"line":58,"column":5}},"locations":[{"start":{"line":56,"column":21},"end":{"line":58,"column":5}}]},"6":{"type":"branch","line":58,"loc":{"start":{"line":58,"column":4},"end":{"line":91,"column":23}},"locations":[{"start":{"line":58,"column":4},"end":{"line":91,"column":23}}]},"7":{"type":"branch","line":60,"loc":{"start":{"line":60,"column":19},"end":{"line":89,"column":7}},"locations":[{"start":{"line":60,"column":19},"end":{"line":89,"column":7}}]},"8":{"type":"branch","line":63,"loc":{"start":{"line":63,"column":43},"end":{"line":66,"column":30}},"locations":[{"start":{"line":63,"column":43},"end":{"line":66,"column":30}}]},"9":{"type":"branch","line":66,"loc":{"start":{"line":66,"column":21},"end":{"line":66,"column":40}},"locations":[{"start":{"line":66,"column":21},"end":{"line":66,"column":40}}]},"10":{"type":"branch","line":66,"loc":{"start":{"line":66,"column":30},"end":{"line":66,"column":63}},"locations":[{"start":{"line":66,"column":30},"end":{"line":66,"column":63}}]},"11":{"type":"branch","line":66,"loc":{"start":{"line":66,"column":63},"end":{"line":70,"column":9}},"locations":[{"start":{"line":66,"column":63},"end":{"line":70,"column":9}}]},"12":{"type":"branch","line":70,"loc":{"start":{"line":70,"column":8},"end":{"line":78,"column":15}},"locations":[{"start":{"line":70,"column":8},"end":{"line":78,"column":15}}]},"13":{"type":"branch","line":78,"loc":{"start":{"line":78,"column":6},"end":{"line":88,"column":7}},"locations":[{"start":{"line":78,"column":6},"end":{"line":88,"column":7}}]},"14":{"type":"branch","line":85,"loc":{"start":{"line":85,"column":52},"end":{"line":85,"column":76}},"locations":[{"start":{"line":85,"column":52},"end":{"line":85,"column":76}}]}},"b":{"0":[13],"1":[1],"2":[12],"3":[13],"4":[6],"5":[1],"6":[5],"7":[5],"8":[3],"9":[0],"10":[0],"11":[0],"12":[3],"13":[2],"14":[0]},"fnMap":{"0":{"name":"getValidLazyTrigger","decl":{"start":{"line":21,"column":28},"end":{"line":32,"column":2}},"loc":{"start":{"line":21,"column":28},"end":{"line":32,"column":2}},"line":21},"1":{"name":"registerLazyModule","decl":{"start":{"line":48,"column":34},"end":{"line":93,"column":2}},"loc":{"start":{"line":48,"column":34},"end":{"line":93,"column":2}},"line":48}},"f":{"0":13,"1":13}}
,"/Users/traeop/Documents/projects/npm/electron-modular/src/@core/bootstrap/register-providers.ts": {"path":"/Users/traeop/Documents/projects/npm/electron-modular/src/@core/bootstrap/register-providers.ts","all":false,"statementMap":{"0":{"start":{"line":1,"column":0},"end":{"line":1,"column":3}},"24":{"start":{"line":25,"column":0},"end":{"line":25,"column":26}},"25":{"start":{"line":26,"column":0},"end":{"line":26,"column":20}},"26":{"start":{"line":27,"column":0},"end":{"line":27,"column":40}},"27":{"start":{"line":28,"column":0},"end":{"line":28,"column":10}},"28":{"start":{"line":29,"column":0},"end":{"line":29,"column":78}},"30":{"start":{"line":31,"column":0},"end":{"line":31,"column":2}},"43":{"start":{"line":44,"column":0},"end":{"line":44,"column":40}},"44":{"start":{"line":45,"column":0},"end":{"line":45,"column":27}},"45":{"start":{"line":46,"column":0},"end":{"line":46,"column":29}},"46":{"start":{"line":47,"column":0},"end":{"line":47,"column":21}},"47":{"start":{"line":48,"column":0},"end":{"line":48,"column":28}},"48":{"start":{"line":49,"column":0},"end":{"line":49,"column":11}},"49":{"start":{"line":50,"column":0},"end":{"line":50,"column":3}},"51":{"start":{"line":52,"column":0},"end":{"line":52,"column":46}},"52":{"start":{"line":53,"column":0},"end":{"line":53,"column":41}},"53":{"start":{"line":54,"column":0},"end":{"line":54,"column":51}},"54":{"start":{"line":55,"column":0},"end":{"line":55,"column":15}},"55":{"start":{"line":56,"column":0},"end":{"line":56,"column":5}},"57":{"start":{"line":58,"column":0},"end":{"line":58,"column":37}},"58":{"start":{"line":59,"column":0},"end":{"line":59,"column":69}},"59":{"start":{"line":60,"column":0},"end":{"line":60,"column":15}},"60":{"start":{"line":61,"column":0},"end":{"line":61,"column":5}},"62":{"start":{"line":63,"column":0},"end":{"line":63,"column":53}},"63":{"start":{"line":64,"column":0},"end":{"line":64,"column":3}},"64":{"start":{"line":65,"column":0},"end":{"line":65,"column":2}}},"s":{"0":1,"24":1,"25":9,"26":9,"27":9,"28":9,"30":9,"43":1,"44":44,"45":44,"46":44,"47":44,"48":2,"49":2,"51":44,"52":18,"53":9,"54":9,"55":9,"57":12,"58":6,"59":6,"60":6,"62":3,"63":3,"64":39},"branchMap":{"0":{"type":"branch","line":25,"loc":{"start":{"line":25,"column":25},"end":{"line":31,"column":2}},"locations":[{"start":{"line":25,"column":25},"end":{"line":31,"column":2}}]},"1":{"type":"branch","line":29,"loc":{"start":{"line":29,"column":24},"end":{"line":29,"column":57}},"locations":[{"start":{"line":29,"column":24},"end":{"line":29,"column":57}}]},"2":{"type":"branch","line":29,"loc":{"start":{"line":29,"column":49},"end":{"line":29,"column":78}},"locations":[{"start":{"line":29,"column":49},"end":{"line":29,"column":78}}]},"3":{"type":"branch","line":44,"loc":{"start":{"line":44,"column":33},"end":{"line":65,"column":2}},"locations":[{"start":{"line":44,"column":33},"end":{"line":65,"column":2}}]},"4":{"type":"branch","line":48,"loc":{"start":{"line":48,"column":27},"end":{"line":50,"column":3}},"locations":[{"start":{"line":48,"column":27},"end":{"line":50,"column":3}}]},"5":{"type":"branch","line":50,"loc":{"start":{"line":50,"column":2},"end":{"line":52,"column":45}},"locations":[{"start":{"line":50,"column":2},"end":{"line":52,"column":45}}]},"6":{"type":"branch","line":52,"loc":{"start":{"line":52,"column":45},"end":{"line":64,"column":3}},"locations":[{"start":{"line":52,"column":45},"end":{"line":64,"column":3}}]},"7":{"type":"branch","line":53,"loc":{"start":{"line":53,"column":40},"end":{"line":56,"column":5}},"locations":[{"start":{"line":53,"column":40},"end":{"line":56,"column":5}}]},"8":{"type":"branch","line":56,"loc":{"start":{"line":56,"column":4},"end":{"line":64,"column":3}},"locations":[{"start":{"line":56,"column":4},"end":{"line":64,"column":3}}]},"9":{"type":"branch","line":56,"loc":{"start":{"line":56,"column":4},"end":{"line":58,"column":36}},"locations":[{"start":{"line":56,"column":4},"end":{"line":58,"column":36}}]},"10":{"type":"branch","line":58,"loc":{"start":{"line":58,"column":36},"end":{"line":61,"column":5}},"locations":[{"start":{"line":58,"column":36},"end":{"line":61,"column":5}}]},"11":{"type":"branch","line":61,"loc":{"start":{"line":61,"column":4},"end":{"line":64,"column":3}},"locations":[{"start":{"line":61,"column":4},"end":{"line":64,"column":3}}]},"12":{"type":"branch","line":64,"loc":{"start":{"line":64,"column":2},"end":{"line":65,"column":2}},"locations":[{"start":{"line":64,"column":2},"end":{"line":65,"column":2}}]}},"b":{"0":[9],"1":[8],"2":[7],"3":[44],"4":[2],"5":[42],"6":[18],"7":[9],"8":[12],"9":[9],"10":[6],"11":[3],"12":[39]},"fnMap":{"0":{"name":"isProviderObject","decl":{"start":{"line":25,"column":25},"end":{"line":31,"column":2}},"loc":{"start":{"line":25,"column":25},"end":{"line":31,"column":2}},"line":25},"1":{"name":"registerProviders","decl":{"start":{"line":44,"column":33},"end":{"line":65,"column":2}},"loc":{"start":{"line":44,"column":33},"end":{"line":65,"column":2}},"line":44}},"f":{"0":9,"1":44}}
,"/Users/traeop/Documents/projects/npm/electron-modular/src/@core/bootstrap/register-windows.ts": {"path":"/Users/traeop/Documents/projects/npm/electron-modular/src/@core/bootstrap/register-windows.ts","all":false,"statementMap":{"0":{"start":{"line":1,"column":0},"end":{"line":1,"column":3}},"23":{"start":{"line":24,"column":0},"end":{"line":24,"column":38}},"24":{"start":{"line":25,"column":0},"end":{"line":25,"column":27}},"25":{"start":{"line":26,"column":0},"end":{"line":26,"column":29}},"26":{"start":{"line":27,"column":0},"end":{"line":27,"column":21}},"27":{"start":{"line":28,"column":0},"end":{"line":28,"column":26}},"28":{"start":{"line":29,"column":0},"end":{"line":29,"column":11}},"29":{"start":{"line":30,"column":0},"end":{"line":30,"column":3}},"31":{"start":{"line":32,"column":0},"end":{"line":32,"column":47}},"32":{"start":{"line":33,"column":0},"end":{"line":33,"column":52}},"33":{"start":{"line":34,"column":0},"end":{"line":34,"column":22}},"34":{"start":{"line":35,"column":0},"end":{"line":35,"column":18}},"35":{"start":{"line":36,"column":0},"end":{"line":36,"column":42}},"37":{"start":{"line":38,"column":0},"end":{"line":38,"column":36}},"38":{"start":{"line":39,"column":0},"end":{"line":39,"column":68}},"39":{"start":{"line":40,"column":0},"end":{"line":40,"column":38}},"40":{"start":{"line":41,"column":0},"end":{"line":41,"column":20}},"41":{"start":{"line":42,"column":0},"end":{"line":42,"column":9}},"42":{"start":{"line":43,"column":0},"end":{"line":43,"column":5}},"43":{"start":{"line":44,"column":0},"end":{"line":44,"column":3}},"44":{"start":{"line":45,"column":0},"end":{"line":45,"column":2}}},"s":{"0":1,"23":1,"24":38,"25":38,"26":38,"27":38,"28":32,"29":32,"31":6,"32":6,"33":6,"34":6,"35":6,"37":6,"38":4,"39":4,"40":4,"41":4,"42":4,"43":6,"44":6},"branchMap":{"0":{"type":"branch","line":24,"loc":{"start":{"line":24,"column":31},"end":{"line":45,"column":2}},"locations":[{"start":{"line":24,"column":31},"end":{"line":45,"column":2}}]},"1":{"type":"branch","line":28,"loc":{"start":{"line":28,"column":25},"end":{"line":30,"column":3}},"locations":[{"start":{"line":28,"column":25},"end":{"line":30,"column":3}}]},"2":{"type":"branch","line":30,"loc":{"start":{"line":30,"column":2},"end":{"line":45,"column":2}},"locations":[{"start":{"line":30,"column":2},"end":{"line":45,"column":2}}]},"3":{"type":"branch","line":38,"loc":{"start":{"line":38,"column":8},"end":{"line":38,"column":35}},"locations":[{"start":{"line":38,"column":8},"end":{"line":38,"column":35}}]},"4":{"type":"branch","line":38,"loc":{"start":{"line":38,"column":35},"end":{"line":43,"column":5}},"locations":[{"start":{"line":38,"column":35},"end":{"line":43,"column":5}}]}},"b":{"0":[38],"1":[32],"2":[6],"3":[5],"4":[4]},"fnMap":{"0":{"name":"registerWindows","decl":{"start":{"line":24,"column":31},"end":{"line":45,"column":2}},"loc":{"start":{"line":24,"column":31},"end":{"line":45,"column":2}},"line":24}},"f":{"0":38}}
,"/Users/traeop/Documents/projects/npm/electron-modular/src/@core/bootstrap/settings.ts": {"path":"/Users/traeop/Documents/projects/npm/electron-modular/src/@core/bootstrap/settings.ts","all":false,"statementMap":{"0":{"start":{"line":1,"column":0},"end":{"line":1,"column":3}},"33":{"start":{"line":34,"column":0},"end":{"line":34,"column":32}},"36":{"start":{"line":37,"column":0},"end":{"line":37,"column":50}},"58":{"start":{"line":59,"column":0},"end":{"line":59,"column":59}},"59":{"start":{"line":60,"column":0},"end":{"line":60,"column":29}},"60":{"start":{"line":61,"column":0},"end":{"line":61,"column":2}},"68":{"start":{"line":69,"column":0},"end":{"line":69,"column":45}},"69":{"start":{"line":70,"column":0},"end":{"line":70,"column":43}},"71":{"start":{"line":72,"column":0},"end":{"line":72,"column":24}},"72":{"start":{"line":73,"column":0},"end":{"line":73,"column":44}},"73":{"start":{"line":74,"column":0},"end":{"line":74,"column":3}},"75":{"start":{"line":76,"column":0},"end":{"line":76,"column":24}},"76":{"start":{"line":77,"column":0},"end":{"line":77,"column":2}}},"s":{"0":1,"33":1,"36":1,"58":1,"59":9,"60":9,"68":1,"69":9,"71":9,"72":0,"73":0,"75":9,"76":9},"branchMap":{"0":{"type":"branch","line":59,"loc":{"start":{"line":59,"column":28},"end":{"line":61,"column":2}},"locations":[{"start":{"line":59,"column":28},"end":{"line":61,"column":2}}]},"1":{"type":"branch","line":69,"loc":{"start":{"line":69,"column":27},"end":{"line":77,"column":2}},"locations":[{"start":{"line":69,"column":27},"end":{"line":77,"column":2}}]},"2":{"type":"branch","line":72,"loc":{"start":{"line":72,"column":23},"end":{"line":74,"column":3}},"locations":[{"start":{"line":72,"column":23},"end":{"line":74,"column":3}}]}},"b":{"0":[9],"1":[9],"2":[0]},"fnMap":{"0":{"name":"initSettings","decl":{"start":{"line":59,"column":28},"end":{"line":61,"column":2}},"loc":{"start":{"line":59,"column":28},"end":{"line":61,"column":2}},"line":59},"1":{"name":"getSettings","decl":{"start":{"line":69,"column":27},"end":{"line":77,"column":2}},"loc":{"start":{"line":69,"column":27},"end":{"line":77,"column":2}},"line":69}},"f":{"0":9,"1":9}}
,"/Users/traeop/Documents/projects/npm/electron-modular/src/@core/control-window/cache.ts": {"path":"/Users/traeop/Documents/projects/npm/electron-modular/src/@core/control-window/cache.ts","all":false,"statementMap":{"17":{"start":{"line":18,"column":0},"end":{"line":18,"column":74}}},"s":{"17":1},"branchMap":{},"b":{},"fnMap":{},"f":{}}
,"/Users/traeop/Documents/projects/npm/electron-modular/src/@core/control-window/destroy.ts": {"path":"/Users/traeop/Documents/projects/npm/electron-modular/src/@core/control-window/destroy.ts","all":false,"statementMap":{"0":{"start":{"line":1,"column":0},"end":{"line":1,"column":3}},"24":{"start":{"line":25,"column":0},"end":{"line":25,"column":43}},"25":{"start":{"line":26,"column":0},"end":{"line":26,"column":48}},"27":{"start":{"line":28,"column":0},"end":{"line":28,"column":33}},"28":{"start":{"line":29,"column":0},"end":{"line":29,"column":32}},"29":{"start":{"line":30,"column":0},"end":{"line":30,"column":23}},"30":{"start":{"line":31,"column":0},"end":{"line":31,"column":5}},"31":{"start":{"line":32,"column":0},"end":{"line":32,"column":3}},"32":{"start":{"line":33,"column":0},"end":{"line":33,"column":2}}},"s":{"0":1,"24":1,"25":5,"27":5,"28":6,"29":5,"30":5,"31":6,"32":5},"branchMap":{"0":{"type":"branch","line":25,"loc":{"start":{"line":25,"column":30},"end":{"line":33,"column":2}},"locations":[{"start":{"line":25,"column":30},"end":{"line":33,"column":2}}]},"1":{"type":"branch","line":28,"loc":{"start":{"line":28,"column":32},"end":{"line":32,"column":3}},"locations":[{"start":{"line":28,"column":32},"end":{"line":32,"column":3}}]},"2":{"type":"branch","line":29,"loc":{"start":{"line":29,"column":31},"end":{"line":31,"column":5}},"locations":[{"start":{"line":29,"column":31},"end":{"line":31,"column":5}}]}},"b":{"0":[5],"1":[6],"2":[5]},"fnMap":{"0":{"name":"destroyWindows","decl":{"start":{"line":25,"column":30},"end":{"line":33,"column":2}},"loc":{"start":{"line":25,"column":30},"end":{"line":33,"column":2}},"line":25}},"f":{"0":5}}
,"/Users/traeop/Documents/projects/npm/electron-modular/src/@core/control-window/receive.ts": {"path":"/Users/traeop/Documents/projects/npm/electron-modular/src/@core/control-window/receive.ts","all":false,"statementMap":{"0":{"start":{"line":1,"column":0},"end":{"line":1,"column":3}},"30":{"start":{"line":31,"column":0},"end":{"line":31,"column":44}},"31":{"start":{"line":32,"column":0},"end":{"line":32,"column":10}},"32":{"start":{"line":33,"column":0},"end":{"line":33,"column":33}},"33":{"start":{"line":34,"column":0},"end":{"line":34,"column":37}},"35":{"start":{"line":36,"column":0},"end":{"line":36,"column":62}},"36":{"start":{"line":37,"column":0},"end":{"line":37,"column":21}},"37":{"start":{"line":38,"column":0},"end":{"line":38,"column":3}},"39":{"start":{"line":40,"column":0},"end":{"line":40,"column":13}},"40":{"start":{"line":41,"column":0},"end":{"line":41,"column":2}}},"s":{"0":1,"30":1,"31":8,"32":8,"33":8,"35":8,"36":4,"37":4,"39":4,"40":4},"branchMap":{"0":{"type":"branch","line":31,"loc":{"start":{"line":31,"column":25},"end":{"line":41,"column":2}},"locations":[{"start":{"line":31,"column":25},"end":{"line":41,"column":2}}]},"1":{"type":"branch","line":36,"loc":{"start":{"line":36,"column":7},"end":{"line":36,"column":42}},"locations":[{"start":{"line":36,"column":7},"end":{"line":36,"column":42}}]},"2":{"type":"branch","line":36,"loc":{"start":{"line":36,"column":29},"end":{"line":36,"column":61}},"locations":[{"start":{"line":36,"column":29},"end":{"line":36,"column":61}}]},"3":{"type":"branch","line":36,"loc":{"start":{"line":36,"column":61},"end":{"line":41,"column":2}},"locations":[{"start":{"line":36,"column":61},"end":{"line":41,"column":2}}]}},"b":{"0":[8],"1":[6],"2":[5],"3":[4]},"fnMap":{"0":{"name":"getWindow","decl":{"start":{"line":31,"column":25},"end":{"line":41,"column":2}},"loc":{"start":{"line":31,"column":25},"end":{"line":41,"column":2}},"line":31}},"f":{"0":8}}
,"/Users/traeop/Documents/projects/npm/electron-modular/src/@core/decorators/inject.ts": {"path":"/Users/traeop/Documents/projects/npm/electron-modular/src/@core/decorators/inject.ts","all":false,"statementMap":{"0":{"start":{"line":1,"column":0},"end":{"line":1,"column":3}},"19":{"start":{"line":20,"column":0},"end":{"line":20,"column":52}},"39":{"start":{"line":40,"column":0},"end":{"line":40,"column":70}},"40":{"start":{"line":41,"column":0},"end":{"line":41,"column":51}},"41":{"start":{"line":42,"column":0},"end":{"line":42,"column":36}},"42":{"start":{"line":43,"column":0},"end":{"line":43,"column":13}},"43":{"start":{"line":44,"column":0},"end":{"line":44,"column":5}},"45":{"start":{"line":46,"column":0},"end":{"line":46,"column":49}},"46":{"start":{"line":47,"column":0},"end":{"line":47,"column":68}},"48":{"start":{"line":49,"column":0},"end":{"line":49,"column":43}},"50":{"start":{"line":51,"column":0},"end":{"line":51,"column":79}},"51":{"start":{"line":52,"column":0},"end":{"line":52,"column":4}},"52":{"start":{"line":53,"column":0},"end":{"line":53,"column":2}},"62":{"start":{"line":63,"column":0},"end":{"line":63,"column":79}},"63":{"start":{"line":64,"column":0},"end":{"line":64,"column":71}},"64":{"start":{"line":65,"column":0},"end":{"line":65,"column":2}}},"s":{"0":1,"19":1,"39":1,"40":17,"41":17,"42":1,"43":1,"45":16,"46":17,"48":17,"50":17,"51":17,"52":17,"62":1,"63":62,"64":62},"branchMap":{"0":{"type":"branch","line":40,"loc":{"start":{"line":40,"column":22},"end":{"line":53,"column":2}},"locations":[{"start":{"line":40,"column":22},"end":{"line":53,"column":2}}]},"1":{"type":"branch","line":41,"loc":{"start":{"line":41,"column":9},"end":{"line":52,"column":4}},"locations":[{"start":{"line":41,"column":9},"end":{"line":52,"column":4}}]},"2":{"type":"branch","line":42,"loc":{"start":{"line":42,"column":35},"end":{"line":44,"column":5}},"locations":[{"start":{"line":42,"column":35},"end":{"line":44,"column":5}}]},"3":{"type":"branch","line":44,"loc":{"start":{"line":44,"column":4},"end":{"line":47,"column":65}},"locations":[{"start":{"line":44,"column":4},"end":{"line":47,"column":65}}]},"4":{"type":"branch","line":47,"loc":{"start":{"line":47,"column":60},"end":{"line":47,"column":68}},"locations":[{"start":{"line":47,"column":60},"end":{"line":47,"column":68}}]},"5":{"type":"branch","line":63,"loc":{"start":{"line":63,"column":33},"end":{"line":65,"column":2}},"locations":[{"start":{"line":63,"column":33},"end":{"line":65,"column":2}}]},"6":{"type":"branch","line":64,"loc":{"start":{"line":64,"column":63},"end":{"line":64,"column":71}},"locations":[{"start":{"line":64,"column":63},"end":{"line":64,"column":71}}]}},"b":{"0":[17],"1":[17],"2":[1],"3":[16],"4":[12],"5":[62],"6":[50]},"fnMap":{"0":{"name":"Inject","decl":{"start":{"line":40,"column":22},"end":{"line":53,"column":2}},"loc":{"start":{"line":40,"column":22},"end":{"line":53,"column":2}},"line":40},"1":{"name":"getInjectedTokens","decl":{"start":{"line":63,"column":33},"end":{"line":65,"column":2}},"loc":{"start":{"line":63,"column":33},"end":{"line":65,"column":2}},"line":63}},"f":{"0":17,"1":62}}
,"/Users/traeop/Documents/projects/npm/electron-modular/src/@core/decorators/injectable.ts": {"path":"/Users/traeop/Documents/projects/npm/electron-modular/src/@core/decorators/injectable.ts","all":false,"statementMap":{"0":{"start":{"line":1,"column":0},"end":{"line":1,"column":3}},"29":{"start":{"line":30,"column":0},"end":{"line":30,"column":49}},"30":{"start":{"line":31,"column":0},"end":{"line":31,"column":32}},"31":{"start":{"line":32,"column":0},"end":{"line":32,"column":55}},"32":{"start":{"line":33,"column":0},"end":{"line":33,"column":4}},"33":{"start":{"line":34,"column":0},"end":{"line":34,"column":2}}},"s":{"0":1,"29":1,"30":31,"31":31,"32":31,"33":31},"branchMap":{"0":{"type":"branch","line":30,"loc":{"start":{"line":30,"column":26},"end":{"line":34,"column":2}},"locations":[{"start":{"line":30,"column":26},"end":{"line":34,"column":2}}]},"1":{"type":"branch","line":31,"loc":{"start":{"line":31,"column":9},"end":{"line":33,"column":4}},"locations":[{"start":{"line":31,"column":9},"end":{"line":33,"column":4}}]}},"b":{"0":[31],"1":[31]},"fnMap":{"0":{"name":"Injectable","decl":{"start":{"line":30,"column":26},"end":{"line":34,"column":2}},"loc":{"start":{"line":30,"column":26},"end":{"line":34,"column":2}},"line":30}},"f":{"0":31}}
,"/Users/traeop/Documents/projects/npm/electron-modular/src/@core/decorators/ipc-handler.ts": {"path":"/Users/traeop/Documents/projects/npm/electron-modular/src/@core/decorators/ipc-handler.ts","all":false,"statementMap":{"0":{"start":{"line":1,"column":0},"end":{"line":1,"column":3}},"35":{"start":{"line":36,"column":0},"end":{"line":36,"column":49}},"36":{"start":{"line":37,"column":0},"end":{"line":37,"column":32}},"37":{"start":{"line":38,"column":0},"end":{"line":38,"column":55}},"38":{"start":{"line":39,"column":0},"end":{"line":39,"column":4}},"39":{"start":{"line":40,"column":0},"end":{"line":40,"column":2}}},"s":{"0":1,"35":1,"36":5,"37":5,"38":5,"39":5},"branchMap":{"0":{"type":"branch","line":36,"loc":{"start":{"line":36,"column":26},"end":{"line":40,"column":2}},"locations":[{"start":{"line":36,"column":26},"end":{"line":40,"column":2}}]},"1":{"type":"branch","line":37,"loc":{"start":{"line":37,"column":9},"end":{"line":39,"column":4}},"locations":[{"start":{"line":37,"column":9},"end":{"line":39,"column":4}}]}},"b":{"0":[5],"1":[5]},"fnMap":{"0":{"name":"IpcHandler","decl":{"start":{"line":36,"column":26},"end":{"line":40,"column":2}},"loc":{"start":{"line":36,"column":26},"end":{"line":40,"column":2}},"line":36}},"f":{"0":5}}
,"/Users/traeop/Documents/projects/npm/electron-modular/src/@core/decorators/rg-module.ts": {"path":"/Users/traeop/Documents/projects/npm/electron-modular/src/@core/decorators/rg-module.ts","all":false,"statementMap":{"0":{"start":{"line":1,"column":0},"end":{"line":1,"column":3}},"34":{"start":{"line":35,"column":0},"end":{"line":35,"column":72}},"35":{"start":{"line":36,"column":0},"end":{"line":36,"column":32}},"36":{"start":{"line":37,"column":0},"end":{"line":37,"column":56}},"37":{"start":{"line":38,"column":0},"end":{"line":38,"column":4}},"38":{"start":{"line":39,"column":0},"end":{"line":39,"column":2}}},"s":{"0":1,"34":1,"35":52,"36":52,"37":52,"38":52},"branchMap":{"0":{"type":"branch","line":35,"loc":{"start":{"line":35,"column":24},"end":{"line":39,"column":2}},"locations":[{"start":{"line":35,"column":24},"end":{"line":39,"column":2}}]},"1":{"type":"branch","line":36,"loc":{"start":{"line":36,"column":9},"end":{"line":38,"column":4}},"locations":[{"start":{"line":36,"column":9},"end":{"line":38,"column":4}}]}},"b":{"0":[52],"1":[52]},"fnMap":{"0":{"name":"RgModule","decl":{"start":{"line":35,"column":24},"end":{"line":39,"column":2}},"loc":{"start":{"line":35,"column":24},"end":{"line":39,"column":2}},"line":35}},"f":{"0":52}}
,"/Users/traeop/Documents/projects/npm/electron-modular/src/@core/decorators/window-manager.ts": {"path":"/Users/traeop/Documents/projects/npm/electron-modular/src/@core/decorators/window-manager.ts","all":false,"statementMap":{"0":{"start":{"line":1,"column":0},"end":{"line":1,"column":3}},"44":{"start":{"line":45,"column":0},"end":{"line":45,"column":48}},"45":{"start":{"line":46,"column":0},"end":{"line":46,"column":34}},"46":{"start":{"line":47,"column":0},"end":{"line":47,"column":22}},"47":{"start":{"line":48,"column":0},"end":{"line":48,"column":32}},"48":{"start":{"line":49,"column":0},"end":{"line":49,"column":61}},"49":{"start":{"line":50,"column":0},"end":{"line":50,"column":4}},"50":{"start":{"line":51,"column":0},"end":{"line":51,"column":2}}},"s":{"0":1,"44":1,"45":11,"46":11,"47":11,"48":11,"49":11,"50":11},"branchMap":{"0":{"type":"branch","line":45,"loc":{"start":{"line":45,"column":29},"end":{"line":51,"column":2}},"locations":[{"start":{"line":45,"column":29},"end":{"line":51,"column":2}}]},"1":{"type":"branch","line":48,"loc":{"start":{"line":48,"column":9},"end":{"line":50,"column":4}},"locations":[{"start":{"line":48,"column":9},"end":{"line":50,"column":4}}]}},"b":{"0":[11],"1":[11]},"fnMap":{"0":{"name":"WindowManager","decl":{"start":{"line":45,"column":29},"end":{"line":51,"column":2}},"loc":{"start":{"line":45,"column":29},"end":{"line":51,"column":2}},"line":45}},"f":{"0":11}}
,"/Users/traeop/Documents/projects/npm/electron-modular/src/@core/utils/dependency-tokens.ts": {"path":"/Users/traeop/Documents/projects/npm/electron-modular/src/@core/utils/dependency-tokens.ts","all":false,"statementMap":{"0":{"start":{"line":1,"column":0},"end":{"line":1,"column":3}},"15":{"start":{"line":16,"column":0},"end":{"line":16,"column":75}},"41":{"start":{"line":42,"column":0},"end":{"line":42,"column":79}},"42":{"start":{"line":43,"column":0},"end":{"line":43,"column":51}},"43":{"start":{"line":44,"column":0},"end":{"line":44,"column":29}},"44":{"start":{"line":45,"column":0},"end":{"line":45,"column":18}},"45":{"start":{"line":46,"column":0},"end":{"line":46,"column":3}},"47":{"start":{"line":48,"column":0},"end":{"line":48,"column":73}},"48":{"start":{"line":49,"column":0},"end":{"line":49,"column":28}},"49":{"start":{"line":50,"column":0},"end":{"line":50,"column":51}},"50":{"start":{"line":51,"column":0},"end":{"line":51,"column":66}},"51":{"start":{"line":52,"column":0},"end":{"line":52,"column":75}},"53":{"start":{"line":54,"column":0},"end":{"line":54,"column":21}},"54":{"start":{"line":55,"column":0},"end":{"line":55,"column":50}},"55":{"start":{"line":56,"column":0},"end":{"line":56,"column":22}},"56":{"start":{"line":57,"column":0},"end":{"line":57,"column":3}},"58":{"start":{"line":59,"column":0},"end":{"line":59,"column":69}},"59":{"start":{"line":60,"column":0},"end":{"line":60,"column":54}},"60":{"start":{"line":61,"column":0},"end":{"line":61,"column":5}},"62":{"start":{"line":63,"column":0},"end":{"line":63,"column":44}},"63":{"start":{"line":64,"column":0},"end":{"line":64,"column":16}},"64":{"start":{"line":65,"column":0},"end":{"line":65,"column":2}}},"s":{"0":1,"15":1,"41":1,"42":54,"43":54,"44":2,"45":2,"47":52,"48":40,"49":54,"50":54,"51":54,"53":54,"54":37,"55":37,"56":37,"58":15,"59":20,"60":15,"62":15,"63":15,"64":15},"branchMap":{"0":{"type":"branch","line":42,"loc":{"start":{"line":42,"column":35},"end":{"line":65,"column":2}},"locations":[{"start":{"line":42,"column":35},"end":{"line":65,"column":2}}]},"1":{"type":"branch","line":44,"loc":{"start":{"line":44,"column":28},"end":{"line":46,"column":3}},"locations":[{"start":{"line":44,"column":28},"end":{"line":46,"column":3}}]},"2":{"type":"branch","line":46,"loc":{"start":{"line":46,"column":2},"end":{"line":49,"column":28}},"locations":[{"start":{"line":46,"column":2},"end":{"line":49,"column":28}}]},"3":{"type":"branch","line":46,"loc":{"start":{"line":46,"column":2},"end":{"line":48,"column":73}},"locations":[{"start":{"line":46,"column":2},"end":{"line":48,"column":73}}]},"4":{"type":"branch","line":48,"loc":{"start":{"line":48,"column":69},"end":{"line":49,"column":28}},"locations":[{"start":{"line":48,"column":69},"end":{"line":49,"column":28}}]},"5":{"type":"branch","line":54,"loc":{"start":{"line":54,"column":20},"end":{"line":57,"column":3}},"locations":[{"start":{"line":54,"column":20},"end":{"line":57,"column":3}}]},"6":{"type":"branch","line":57,"loc":{"start":{"line":57,"column":2},"end":{"line":65,"column":2}},"locations":[{"start":{"line":57,"column":2},"end":{"line":65,"column":2}}]},"7":{"type":"branch","line":59,"loc":{"start":{"line":59,"column":54},"end":{"line":61,"column":3}},"locations":[{"start":{"line":59,"column":54},"end":{"line":61,"column":3}}]},"8":{"type":"branch","line":60,"loc":{"start":{"line":60,"column":31},"end":{"line":60,"column":54}},"locations":[{"start":{"line":60,"column":31},"end":{"line":60,"column":54}}]}},"b":{"0":[54],"1":[2],"2":[53],"3":[52],"4":[40],"5":[37],"6":[15],"7":[20],"8":[14]},"fnMap":{"0":{"name":"getDependencyTokens","decl":{"start":{"line":42,"column":35},"end":{"line":65,"column":2}},"loc":{"start":{"line":42,"column":35},"end":{"line":65,"column":2}},"line":42}},"f":{"0":54}}
}
