TN:
SF:src/config.ts
FNF:0
FNH:0
DA:16,1
DA:17,1
DA:18,1
DA:19,1
LF:4
LH:4
BRF:0
BRH:0
end_of_record
TN:
SF:src/@core/container.ts
FN:47,<instance_members_initializer>
FN:67,addModule
FN:88,setModuleMetadata
FN:101,hasModule
FN:112,getCacheKey
FN:128,addProvider
FN:148,getProvider
FN:166,getModuleExports
FN:177,getModuleMetadata
FN:188,registerInstance
FN:208,resolve
FN:273,resolveFromImports
FN:315,instantiateProvider
FN:390,instantiateFactoryProvider
FN:413,instantiateClassProvider
FN:439,instantiateClassConstructor
FN:461,resolveDependencies
FNF:17
FNH:17
FNDA:40,<instance_members_initializer>
FNDA:93,addModule
FNDA:38,setModuleMetadata
FNDA:26,hasModule
FNDA:43,getCacheKey
FNDA:49,addProvider
FNDA:53,getProvider
FNDA:4,getModuleExports
FNDA:5,getModuleMetadata
FNDA:25,registerInstance
FNDA:43,resolve
FNDA:3,resolveFromImports
FNDA:22,instantiateProvider
FNDA:2,instantiateFactoryProvider
FNDA:1,instantiateClassProvider
FNDA:16,instantiateClassConstructor
FNDA:19,resolveDependencies
DA:1,1
DA:47,1
DA:49,40
DA:52,40
DA:55,40
DA:58,40
DA:67,40
DA:68,93
DA:69,93
DA:70,93
DA:71,93
DA:72,3
DA:73,3
DA:75,90
DA:76,90
DA:77,93
DA:78,93
DA:79,93
DA:80,93
DA:88,40
DA:89,38
DA:90,38
DA:91,38
DA:92,38
DA:93,38
DA:101,40
DA:102,26
DA:103,26
DA:112,40
DA:113,43
DA:114,43
DA:115,8
DA:116,35
DA:117,43
DA:118,43
DA:128,40
DA:129,49
DA:130,49
DA:131,49
DA:132,49
DA:133,49
DA:134,49
DA:135,1
DA:136,1
DA:138,49
DA:139,49
DA:148,40
DA:149,53
DA:150,53
DA:151,53
DA:152,53
DA:153,53
DA:154,1
DA:155,1
DA:157,52
DA:158,53
DA:166,40
DA:167,4
DA:168,4
DA:169,4
DA:177,40
DA:178,5
DA:179,5
DA:188,40
DA:189,25
DA:190,25
DA:208,40
DA:209,43
DA:210,43
DA:211,43
DA:212,43
DA:215,43
DA:216,5
DA:217,5
DA:220,43
DA:221,13
DA:222,13
DA:223,13
DA:224,13
DA:227,25
DA:229,43
DA:231,3
DA:232,3
DA:233,3
DA:234,3
DA:236,3
DA:237,1
DA:238,1
DA:239,1
DA:242,3
DA:243,1
DA:244,1
DA:246,1
DA:247,1
DA:250,22
DA:251,22
DA:252,22
DA:253,22
DA:254,22
DA:256,22
DA:257,22
DA:258,22
DA:260,22
DA:261,43
DA:273,40
DA:274,3
DA:275,3
DA:276,3
DA:277,3
DA:279,3
DA:280,2
DA:281,2
DA:284,1
DA:285,1
DA:288,1
DA:289,1
DA:291,1
DA:292,1
DA:293,1
DA:294,1
DA:295,1
DA:297,0
DA:298,3
DA:315,40
DA:316,22
DA:317,22
DA:318,22
DA:319,22
DA:320,22
DA:321,22
DA:322,6
DA:323,6
DA:326,22
DA:327,22
DA:328,5
DA:329,2
DA:330,22
DA:331,2
DA:332,2
DA:333,2
DA:334,2
DA:335,2
DA:336,2
DA:339,20
DA:340,20
DA:341,3
DA:342,1
DA:343,22
DA:344,1
DA:345,1
DA:346,1
DA:347,1
DA:348,1
DA:349,1
DA:352,22
DA:353,1
DA:354,1
DA:355,1
DA:356,1
DA:359,22
DA:360,1
DA:361,1
DA:362,1
DA:363,1
DA:364,1
DA:365,1
DA:366,1
DA:367,1
DA:368,1
DA:371,22
DA:372,16
DA:373,16
DA:374,16
DA:375,16
DA:376,16
DA:377,16
DA:379,1
DA:380,22
DA:390,40
DA:391,2
DA:392,2
DA:393,2
DA:394,2
DA:395,2
DA:396,2
DA:397,2
DA:398,2
DA:399,2
DA:400,2
DA:401,2
DA:402,2
DA:403,2
DA:413,40
DA:414,1
DA:415,1
DA:416,1
DA:417,1
DA:418,1
DA:419,1
DA:420,1
DA:421,1
DA:422,1
DA:423,1
DA:424,1
DA:425,1
DA:426,1
DA:427,1
DA:439,40
DA:440,16
DA:441,16
DA:442,16
DA:443,16
DA:444,16
DA:445,16
DA:446,16
DA:447,16
DA:448,16
DA:449,16
DA:450,16
DA:451,16
DA:452,16
DA:461,40
DA:462,19
DA:463,19
DA:464,19
DA:465,19
DA:466,19
DA:467,19
DA:468,19
DA:469,40
DA:475,1
LF:231
LH:230
BRDA:47,0,0,40
BRDA:67,1,0,93
BRDA:71,2,0,3
BRDA:73,3,0,92
BRDA:73,4,0,90
BRDA:77,5,0,83
BRDA:88,6,0,38
BRDA:101,7,0,26
BRDA:112,8,0,43
BRDA:114,9,0,38
BRDA:114,10,0,8
BRDA:115,11,0,35
BRDA:128,12,0,49
BRDA:134,13,0,1
BRDA:136,14,0,48
BRDA:138,15,0,31
BRDA:148,16,0,53
BRDA:153,17,0,1
BRDA:155,18,0,52
BRDA:166,19,0,4
BRDA:168,20,0,3
BRDA:168,21,0,1
BRDA:177,22,0,5
BRDA:188,23,0,25
BRDA:208,24,0,43
BRDA:215,25,0,5
BRDA:217,26,0,38
BRDA:220,27,0,13
BRDA:224,28,0,25
BRDA:229,29,0,3
BRDA:236,30,0,1
BRDA:239,31,0,2
BRDA:242,32,0,1
BRDA:247,33,0,22
BRDA:273,34,0,3
BRDA:279,35,0,1
BRDA:279,36,0,2
BRDA:281,37,0,1
BRDA:295,38,0,0
BRDA:315,39,0,22
BRDA:321,40,0,6
BRDA:322,41,0,6
BRDA:327,42,0,5
BRDA:328,43,0,2
BRDA:330,44,0,2
BRDA:336,45,0,20
BRDA:340,46,0,3
BRDA:341,47,0,1
BRDA:343,48,0,1
BRDA:349,49,0,19
BRDA:352,50,0,2
BRDA:352,51,0,1
BRDA:356,52,0,18
BRDA:359,53,0,1
BRDA:359,54,0,1
BRDA:368,55,0,17
BRDA:371,56,0,16
BRDA:377,57,0,1
BRDA:390,58,0,2
BRDA:395,59,0,1
BRDA:413,60,0,1
BRDA:439,61,0,16
BRDA:461,62,0,19
BRDA:466,63,0,3
BRF:64
BRH:63
end_of_record
TN:
SF:src/@core/bootstrap/bootstrap.ts
FN:28,getValidLazyTrigger
FN:60,bootstrapModules
FNF:2
FNH:2
FNDA:8,getValidLazyTrigger
FNDA:17,bootstrapModules
DA:1,1
DA:28,1
DA:29,8
DA:30,8
DA:31,8
DA:32,8
DA:34,8
DA:35,1
DA:36,1
DA:38,7
DA:39,7
DA:60,1
DA:61,17
DA:62,17
DA:63,17
DA:65,17
DA:66,25
DA:70,25
DA:71,2
DA:72,2
DA:74,23
DA:76,25
DA:77,8
DA:78,8
DA:80,8
DA:81,1
DA:82,1
DA:83,1
DA:84,1
DA:85,1
DA:86,1
DA:88,6
DA:90,6
DA:91,6
DA:92,6
DA:94,13
DA:95,12
DA:96,12
DA:98,25
DA:99,0
DA:100,0
DA:101,0
DA:102,0
DA:104,12
DA:105,12
DA:106,10
LF:46
LH:42
BRDA:28,0,0,8
BRDA:34,1,0,1
BRDA:36,2,0,7
BRDA:60,3,0,17
BRDA:65,4,0,25
BRDA:70,5,0,2
BRDA:72,6,0,23
BRDA:76,7,0,8
BRDA:76,8,0,8
BRDA:80,9,0,6
BRDA:80,10,0,1
BRDA:92,11,0,19
BRDA:92,12,0,13
BRDA:94,13,0,12
BRDA:98,14,0,0
BRDA:98,15,0,0
BRDA:98,16,0,0
BRDA:102,17,0,12
BRDA:105,18,0,10
BRF:19
BRH:16
end_of_record
TN:
SF:src/@core/bootstrap/initialize-module.ts
FN:37,initializeModule
FNF:1
FNH:1
FNDA:36,initializeModule
DA:1,1
DA:37,1
DA:38,36
DA:39,36
DA:40,36
DA:41,36
DA:43,36
DA:44,36
DA:46,36
DA:47,2
DA:48,2
DA:50,34
DA:51,34
DA:52,34
DA:53,34
DA:54,34
DA:55,34
DA:56,32
LF:18
LH:18
BRDA:37,0,0,36
BRDA:46,1,0,2
BRDA:48,2,0,35
BRDA:48,3,0,34
BRDA:55,4,0,32
BRF:5
BRH:5
end_of_record
TN:
SF:src/@core/bootstrap/instantiate-module.ts
FN:31,instantiateModule
FNF:1
FNH:1
FNDA:25,instantiateModule
DA:1,1
DA:31,1
DA:32,25
DA:33,25
DA:34,25
DA:35,25
DA:36,25
DA:37,5
DA:38,25
DA:39,25
DA:41,25
DA:42,25
DA:44,25
DA:45,25
LF:14
LH:14
BRDA:31,0,0,25
BRDA:36,1,0,5
BRF:2
BRH:2
end_of_record
TN:
SF:src/@core/bootstrap/register-imports.ts
FN:24,registerImports
FNF:1
FNH:1
FNDA:42,registerImports
DA:1,1
DA:24,1
DA:25,42
DA:26,42
DA:27,42
DA:28,42
DA:29,29
DA:30,29
DA:32,13
DA:33,13
DA:34,13
DA:35,13
DA:36,13
DA:38,13
DA:39,3
DA:40,3
DA:41,3
DA:42,3
DA:43,3
DA:45,11
DA:46,9
DA:47,9
DA:48,13
DA:49,10
LF:24
LH:24
BRDA:24,0,0,42
BRDA:28,1,0,29
BRDA:30,2,0,34
BRDA:30,3,0,13
BRDA:38,4,0,12
BRDA:38,5,0,3
BRDA:38,6,0,3
BRDA:38,7,0,0
BRDA:38,8,0,12
BRDA:38,9,0,3
BRDA:43,10,0,11
BRDA:43,11,0,10
BRDA:45,12,0,9
BRDA:48,13,0,10
BRF:14
BRH:13
end_of_record
TN:
SF:src/@core/bootstrap/register-ipc-handlers.ts
FN:24,registerIpcHandlers
FNF:1
FNH:1
FNDA:39,registerIpcHandlers
DA:1,1
DA:24,1
DA:25,39
DA:26,39
DA:27,39
DA:28,39
DA:29,34
DA:30,34
DA:32,6
DA:33,6
DA:34,6
DA:35,5
LF:12
LH:12
BRDA:24,0,0,39
BRDA:28,1,0,34
BRDA:30,2,0,6
BRDA:30,3,0,5
BRDA:34,4,0,5
BRF:5
BRH:5
end_of_record
TN:
SF:src/@core/bootstrap/register-lazy-module.ts
FN:21,getValidLazyTrigger
FN:48,registerLazyModule
FNF:2
FNH:2
FNDA:13,getValidLazyTrigger
FNDA:13,registerLazyModule
DA:1,1
DA:21,1
DA:22,13
DA:23,13
DA:24,13
DA:25,13
DA:27,13
DA:28,1
DA:29,1
DA:31,12
DA:32,12
DA:48,1
DA:49,13
DA:50,13
DA:51,13
DA:52,13
DA:53,13
DA:55,13
DA:56,6
DA:57,1
DA:58,1
DA:60,5
DA:61,5
DA:62,5
DA:63,5
DA:64,3
DA:66,5
DA:67,0
DA:68,0
DA:69,0
DA:70,0
DA:72,3
DA:74,3
DA:75,3
DA:76,3
DA:77,3
DA:78,5
DA:79,2
DA:81,2
DA:82,2
DA:83,2
DA:84,2
DA:85,2
DA:86,2
DA:87,2
DA:88,2
DA:89,5
DA:91,5
DA:92,13
DA:93,13
LF:50
LH:46
BRDA:21,0,0,13
BRDA:27,1,0,1
BRDA:29,2,0,12
BRDA:48,3,0,13
BRDA:55,4,0,6
BRDA:56,5,0,1
BRDA:58,6,0,5
BRDA:60,7,0,5
BRDA:63,8,0,3
BRDA:66,9,0,0
BRDA:66,10,0,0
BRDA:66,11,0,0
BRDA:70,12,0,3
BRDA:78,13,0,2
BRDA:85,14,0,0
BRF:15
BRH:11
end_of_record
TN:
SF:src/@core/bootstrap/register-providers.ts
FN:25,isProviderObject
FN:44,registerProviders
FNF:2
FNH:2
FNDA:9,isProviderObject
FNDA:46,registerProviders
DA:1,1
DA:25,1
DA:26,9
DA:27,9
DA:28,9
DA:29,9
DA:31,9
DA:44,1
DA:45,46
DA:46,46
DA:47,46
DA:48,46
DA:49,2
DA:50,2
DA:52,46
DA:53,18
DA:54,9
DA:55,9
DA:56,9
DA:58,12
DA:59,6
DA:60,6
DA:61,6
DA:63,3
DA:64,3
DA:65,41
LF:26
LH:26
BRDA:25,0,0,9
BRDA:29,1,0,8
BRDA:29,2,0,7
BRDA:44,3,0,46
BRDA:48,4,0,2
BRDA:50,5,0,44
BRDA:52,6,0,18
BRDA:53,7,0,9
BRDA:56,8,0,12
BRDA:56,9,0,9
BRDA:58,10,0,6
BRDA:61,11,0,3
BRDA:64,12,0,41
BRF:13
BRH:13
end_of_record
TN:
SF:src/@core/bootstrap/register-windows.ts
FN:24,registerWindows
FNF:1
FNH:1
FNDA:40,registerWindows
DA:1,1
DA:24,1
DA:25,40
DA:26,40
DA:27,40
DA:28,40
DA:29,34
DA:30,34
DA:32,6
DA:33,6
DA:34,6
DA:35,6
DA:36,6
DA:38,6
DA:39,4
DA:40,4
DA:41,4
DA:42,4
DA:43,4
DA:44,6
DA:45,6
LF:21
LH:21
BRDA:24,0,0,40
BRDA:28,1,0,34
BRDA:30,2,0,6
BRDA:38,3,0,5
BRDA:38,4,0,4
BRF:5
BRH:5
end_of_record
TN:
SF:src/@core/bootstrap/settings.ts
FN:59,initSettings
FN:69,getSettings
FNF:2
FNH:2
FNDA:9,initSettings
FNDA:9,getSettings
DA:1,1
DA:34,1
DA:37,1
DA:59,1
DA:60,9
DA:61,9
DA:69,1
DA:70,9
DA:72,9
DA:73,0
DA:74,0
DA:76,9
DA:77,9
LF:13
LH:11
BRDA:59,0,0,9
BRDA:69,1,0,9
BRDA:72,2,0,0
BRF:3
BRH:2
end_of_record
TN:
SF:src/@core/bootstrap/validate-lazy-constraints.ts
FN:8,validateLazyConstraints
FNF:1
FNH:1
FNDA:59,validateLazyConstraints
DA:1,1
DA:8,1
DA:9,59
DA:10,59
DA:11,59
DA:12,59
DA:13,44
DA:14,44
DA:16,59
DA:17,1
DA:18,1
DA:20,59
DA:21,13
DA:22,13
DA:24,1
DA:25,1
DA:26,1
DA:27,1
DA:28,1
DA:30,1
DA:31,1
DA:32,1
DA:33,1
DA:34,1
DA:35,1
DA:36,1
DA:37,0
LF:27
LH:26
BRDA:8,0,0,59
BRDA:12,1,0,15
BRDA:12,2,0,44
BRDA:14,3,0,42
BRDA:14,4,0,15
BRDA:16,5,0,1
BRDA:16,6,0,14
BRDA:16,7,0,42
BRDA:16,8,0,1
BRDA:18,9,0,14
BRDA:20,10,0,1
BRDA:20,11,0,42
BRDA:20,12,0,13
BRDA:22,13,0,24
BRDA:22,14,0,1
BRDA:36,15,0,0
BRF:16
BRH:15
end_of_record
TN:
SF:src/@core/control-window/cache.ts
FNF:0
FNH:0
DA:18,1
LF:1
LH:1
BRF:0
BRH:0
end_of_record
TN:
SF:src/@core/control-window/destroy.ts
FN:25,destroyWindows
FNF:1
FNH:1
FNDA:5,destroyWindows
DA:1,1
DA:25,1
DA:26,5
DA:28,5
DA:29,6
DA:30,5
DA:31,5
DA:32,6
DA:33,5
LF:9
LH:9
BRDA:25,0,0,5
BRDA:28,1,0,6
BRDA:29,2,0,5
BRF:3
BRH:3
end_of_record
TN:
SF:src/@core/control-window/receive.ts
FN:31,getWindow
FNF:1
FNH:1
FNDA:8,getWindow
DA:1,1
DA:31,1
DA:32,8
DA:33,8
DA:34,8
DA:36,8
DA:37,4
DA:38,4
DA:40,4
DA:41,4
LF:10
LH:10
BRDA:31,0,0,8
BRDA:36,1,0,6
BRDA:36,2,0,5
BRDA:36,3,0,4
BRF:4
BRH:4
end_of_record
TN:
SF:src/@core/decorators/inject.ts
FN:40,Inject
FN:63,getInjectedTokens
FNF:2
FNH:2
FNDA:17,Inject
FNDA:62,getInjectedTokens
DA:1,1
DA:20,1
DA:40,1
DA:41,17
DA:42,17
DA:43,1
DA:44,1
DA:46,16
DA:47,17
DA:49,17
DA:51,17
DA:52,17
DA:53,17
DA:63,1
DA:64,62
DA:65,62
LF:16
LH:16
BRDA:40,0,0,17
BRDA:41,1,0,17
BRDA:42,2,0,1
BRDA:44,3,0,16
BRDA:47,4,0,12
BRDA:63,5,0,62
BRDA:64,6,0,50
BRF:7
BRH:7
end_of_record
TN:
SF:src/@core/decorators/injectable.ts
FN:30,Injectable
FNF:1
FNH:1
FNDA:31,Injectable
DA:1,1
DA:30,1
DA:31,31
DA:32,31
DA:33,31
DA:34,31
LF:6
LH:6
BRDA:30,0,0,31
BRDA:31,1,0,31
BRF:2
BRH:2
end_of_record
TN:
SF:src/@core/decorators/ipc-handler.ts
FN:36,IpcHandler
FNF:1
FNH:1
FNDA:5,IpcHandler
DA:1,1
DA:36,1
DA:37,5
DA:38,5
DA:39,5
DA:40,5
LF:6
LH:6
BRDA:36,0,0,5
BRDA:37,1,0,5
BRF:2
BRH:2
end_of_record
TN:
SF:src/@core/decorators/rg-module.ts
FN:35,RgModule
FNF:1
FNH:1
FNDA:60,RgModule
DA:1,1
DA:35,1
DA:36,60
DA:37,60
DA:38,60
DA:39,60
LF:6
LH:6
BRDA:35,0,0,60
BRDA:36,1,0,60
BRF:2
BRH:2
end_of_record
TN:
SF:src/@core/decorators/window-manager.ts
FN:45,WindowManager
FNF:1
FNH:1
FNDA:11,WindowManager
DA:1,1
DA:45,1
DA:46,11
DA:47,11
DA:48,11
DA:49,11
DA:50,11
DA:51,11
LF:8
LH:8
BRDA:45,0,0,11
BRDA:48,1,0,11
BRF:2
BRH:2
end_of_record
TN:
SF:src/@core/utils/dependency-tokens.ts
FN:42,getDependencyTokens
FNF:1
FNH:1
FNDA:54,getDependencyTokens
DA:1,1
DA:16,1
DA:42,1
DA:43,54
DA:44,54
DA:45,2
DA:46,2
DA:48,52
DA:49,40
DA:50,54
DA:51,54
DA:52,54
DA:54,54
DA:55,37
DA:56,37
DA:57,37
DA:59,15
DA:60,20
DA:61,15
DA:63,15
DA:64,15
DA:65,15
LF:22
LH:22
BRDA:42,0,0,54
BRDA:44,1,0,2
BRDA:46,2,0,53
BRDA:46,3,0,52
BRDA:48,4,0,40
BRDA:54,5,0,37
BRDA:57,6,0,15
BRDA:59,7,0,20
BRDA:60,8,0,14
BRF:9
BRH:9
end_of_record
