TN:
SF:src/config.ts
FNF:0
FNH:0
DA:1,1
DA:2,1
DA:3,1
DA:4,1
LF:4
LH:4
BRF:0
BRH:0
end_of_record
TN:
SF:src/@core/container.ts
FN:21,<instance_members_initializer>
FN:27,addModule
FN:42,setModuleMetadata
FN:49,hasModule
FN:53,getCacheKey
FN:61,addProvider
FN:74,getProvider
FN:86,getModuleExports
FN:91,getModuleMetadata
FN:95,registerInstance
FN:99,resolve
FN:148,resolveFromImports
FN:173,instantiateProvider
FN:235,instantiateFactoryProvider
FN:250,instantiateClassProvider
FN:266,instantiateClassConstructor
FN:281,resolveDependencies
FNF:17
FNH:17
FNDA:38,<instance_members_initializer>
FNDA:82,addModule
FNDA:27,setModuleMetadata
FNDA:21,hasModule
FNDA:35,getCacheKey
FNDA:47,addProvider
FNDA:52,getProvider
FNDA:4,getModuleExports
FNDA:5,getModuleMetadata
FNDA:18,registerInstance
FNDA:35,resolve
FNDA:3,resolveFromImports
FNDA:21,instantiateProvider
FNDA:2,instantiateFactoryProvider
FNDA:1,instantiateClassProvider
FNDA:15,instantiateClassConstructor
FNDA:18,resolveDependencies
DA:1,1
DA:21,1
DA:22,38
DA:23,38
DA:24,38
DA:25,38
DA:27,38
DA:28,82
DA:29,82
DA:30,82
DA:31,82
DA:32,2
DA:33,2
DA:35,80
DA:36,80
DA:37,82
DA:38,82
DA:39,82
DA:40,82
DA:42,38
DA:43,27
DA:44,27
DA:45,27
DA:46,27
DA:47,27
DA:49,38
DA:50,21
DA:51,21
DA:53,38
DA:54,35
DA:55,35
DA:56,8
DA:57,27
DA:58,35
DA:59,35
DA:61,38
DA:62,47
DA:63,47
DA:64,47
DA:65,47
DA:66,47
DA:67,47
DA:68,1
DA:69,1
DA:71,47
DA:72,47
DA:74,38
DA:75,52
DA:76,52
DA:77,52
DA:78,52
DA:79,52
DA:80,1
DA:81,1
DA:83,51
DA:84,52
DA:86,38
DA:87,4
DA:88,4
DA:89,4
DA:91,38
DA:92,5
DA:93,5
DA:95,38
DA:96,18
DA:97,18
DA:99,38
DA:100,35
DA:101,35
DA:102,35
DA:103,35
DA:105,35
DA:106,4
DA:107,4
DA:109,35
DA:110,7
DA:111,7
DA:112,7
DA:113,7
DA:115,24
DA:117,35
DA:118,3
DA:119,3
DA:120,3
DA:121,3
DA:123,3
DA:124,1
DA:125,1
DA:126,1
DA:128,3
DA:129,1
DA:130,1
DA:132,1
DA:133,1
DA:135,21
DA:136,21
DA:137,21
DA:138,21
DA:139,21
DA:141,21
DA:142,21
DA:143,21
DA:145,21
DA:146,35
DA:148,38
DA:149,3
DA:150,3
DA:151,3
DA:152,3
DA:154,3
DA:155,2
DA:156,2
DA:158,1
DA:159,1
DA:161,1
DA:162,1
DA:164,1
DA:165,1
DA:166,1
DA:167,1
DA:168,1
DA:170,0
DA:171,3
DA:173,38
DA:174,21
DA:175,21
DA:176,21
DA:177,21
DA:178,21
DA:179,21
DA:180,6
DA:181,6
DA:183,21
DA:184,21
DA:185,5
DA:186,2
DA:187,21
DA:188,2
DA:189,2
DA:190,2
DA:191,2
DA:192,2
DA:193,2
DA:195,19
DA:196,19
DA:197,3
DA:198,1
DA:199,21
DA:200,1
DA:201,1
DA:202,1
DA:203,1
DA:204,1
DA:205,1
DA:207,21
DA:208,1
DA:209,1
DA:210,1
DA:211,1
DA:213,21
DA:214,1
DA:215,1
DA:216,1
DA:217,1
DA:218,1
DA:219,1
DA:220,1
DA:221,1
DA:222,1
DA:224,21
DA:225,15
DA:226,15
DA:227,15
DA:228,15
DA:229,15
DA:230,15
DA:232,1
DA:233,21
DA:235,38
DA:236,2
DA:237,2
DA:238,2
DA:239,2
DA:240,2
DA:241,2
DA:242,2
DA:243,2
DA:244,2
DA:245,2
DA:246,2
DA:247,2
DA:248,2
DA:250,38
DA:251,1
DA:252,1
DA:253,1
DA:254,1
DA:255,1
DA:256,1
DA:257,1
DA:258,1
DA:259,1
DA:260,1
DA:261,1
DA:262,1
DA:263,1
DA:264,1
DA:266,38
DA:267,15
DA:268,15
DA:269,15
DA:270,15
DA:271,15
DA:272,15
DA:273,15
DA:274,15
DA:275,15
DA:276,15
DA:277,15
DA:278,15
DA:279,15
DA:281,38
DA:282,18
DA:283,18
DA:284,18
DA:285,18
DA:286,18
DA:287,18
DA:288,18
DA:289,38
DA:291,1
LF:231
LH:230
BRDA:21,0,0,38
BRDA:27,1,0,82
BRDA:31,2,0,2
BRDA:33,3,0,80
BRDA:37,4,0,73
BRDA:42,5,0,27
BRDA:49,6,0,21
BRDA:53,7,0,35
BRDA:55,8,0,30
BRDA:55,9,0,8
BRDA:56,10,0,27
BRDA:61,11,0,47
BRDA:67,12,0,1
BRDA:69,13,0,46
BRDA:71,14,0,29
BRDA:74,15,0,52
BRDA:79,16,0,1
BRDA:81,17,0,51
BRDA:86,18,0,4
BRDA:88,19,0,3
BRDA:88,20,0,1
BRDA:91,21,0,5
BRDA:95,22,0,18
BRDA:99,23,0,35
BRDA:105,24,0,4
BRDA:107,25,0,31
BRDA:109,26,0,7
BRDA:113,27,0,24
BRDA:117,28,0,3
BRDA:123,29,0,1
BRDA:126,30,0,2
BRDA:128,31,0,1
BRDA:133,32,0,21
BRDA:148,33,0,3
BRDA:154,34,0,1
BRDA:154,35,0,2
BRDA:156,36,0,1
BRDA:168,37,0,0
BRDA:173,38,0,21
BRDA:179,39,0,6
BRDA:180,40,0,6
BRDA:184,41,0,5
BRDA:185,42,0,2
BRDA:187,43,0,2
BRDA:193,44,0,19
BRDA:196,45,0,3
BRDA:197,46,0,1
BRDA:199,47,0,1
BRDA:205,48,0,18
BRDA:207,49,0,2
BRDA:207,50,0,1
BRDA:211,51,0,17
BRDA:213,52,0,1
BRDA:213,53,0,1
BRDA:222,54,0,16
BRDA:224,55,0,15
BRDA:230,56,0,1
BRDA:235,57,0,2
BRDA:240,58,0,1
BRDA:250,59,0,1
BRDA:266,60,0,15
BRDA:281,61,0,18
BRDA:286,62,0,3
BRF:63
BRH:62
end_of_record
TN:
SF:src/@core/bootstrap/bootstrap.ts
FN:9,bootstrapModules
FNF:1
FNH:1
FNDA:7,bootstrapModules
DA:1,1
DA:9,1
DA:10,7
DA:11,7
DA:12,7
DA:13,9
DA:17,9
DA:18,1
DA:19,1
DA:21,8
DA:22,8
DA:23,8
DA:25,9
DA:26,0
DA:27,0
DA:28,0
DA:29,0
DA:31,8
DA:32,8
DA:33,6
LF:20
LH:16
BRDA:9,0,0,7
BRDA:12,1,0,9
BRDA:17,2,0,1
BRDA:19,3,0,8
BRDA:25,4,0,0
BRDA:25,5,0,0
BRDA:25,6,0,0
BRDA:29,7,0,8
BRDA:32,8,0,6
BRF:9
BRH:6
end_of_record
TN:
SF:src/@core/bootstrap/initialize-module.ts
FN:9,initializeModule
FNF:1
FNH:1
FNDA:25,initializeModule
DA:1,1
DA:9,1
DA:10,25
DA:11,25
DA:12,25
DA:13,25
DA:14,25
DA:16,25
DA:17,1
DA:18,1
DA:20,24
DA:21,24
DA:22,24
DA:23,24
DA:24,24
DA:25,24
DA:26,24
LF:17
LH:17
BRDA:9,0,0,25
BRDA:16,1,0,1
BRDA:18,2,0,24
BRF:3
BRH:3
end_of_record
TN:
SF:src/@core/bootstrap/instantiate-module.ts
FN:5,instantiateModule
FNF:1
FNH:1
FNDA:16,instantiateModule
DA:1,1
DA:5,1
DA:6,16
DA:7,16
DA:8,16
DA:9,16
DA:10,16
DA:11,5
DA:12,16
DA:13,16
DA:15,16
DA:16,16
DA:18,16
DA:19,16
LF:14
LH:14
BRDA:5,0,0,16
BRDA:10,1,0,5
BRF:2
BRH:2
end_of_record
TN:
SF:src/@core/bootstrap/register-imports.ts
FN:4,registerImports
FNF:1
FNH:1
FNDA:31,registerImports
DA:1,1
DA:4,1
DA:5,31
DA:6,31
DA:7,31
DA:8,21
DA:9,21
DA:11,10
DA:12,10
DA:13,10
DA:14,10
DA:15,10
DA:17,10
DA:18,9
DA:19,9
DA:20,10
DA:21,10
LF:17
LH:17
BRDA:4,0,0,31
BRDA:7,1,0,21
BRDA:9,2,0,10
BRDA:17,3,0,9
BRF:4
BRH:4
end_of_record
TN:
SF:src/@core/bootstrap/register-ipc-handlers.ts
FN:5,registerIpcHandlers
FNF:1
FNH:1
FNDA:29,registerIpcHandlers
DA:1,1
DA:5,1
DA:6,29
DA:7,29
DA:8,29
DA:9,29
DA:10,24
DA:11,24
DA:13,6
DA:14,6
DA:15,6
DA:16,5
LF:12
LH:12
BRDA:5,0,0,29
BRDA:9,1,0,24
BRDA:11,2,0,6
BRDA:11,3,0,5
BRDA:15,4,0,5
BRF:5
BRH:5
end_of_record
TN:
SF:src/@core/bootstrap/register-providers.ts
FN:6,isProviderObject
FN:14,registerProviders
FNF:2
FNH:2
FNDA:9,isProviderObject
FNDA:36,registerProviders
DA:1,1
DA:6,1
DA:7,9
DA:8,9
DA:9,9
DA:10,9
DA:12,9
DA:14,1
DA:15,36
DA:16,36
DA:17,36
DA:18,36
DA:19,2
DA:20,2
DA:22,36
DA:23,16
DA:24,7
DA:25,7
DA:26,7
DA:28,12
DA:29,6
DA:30,6
DA:31,6
DA:33,3
DA:34,3
DA:35,31
LF:26
LH:26
BRDA:6,0,0,9
BRDA:10,1,0,8
BRDA:10,2,0,7
BRDA:14,3,0,36
BRDA:18,4,0,2
BRDA:20,5,0,34
BRDA:22,6,0,16
BRDA:23,7,0,7
BRDA:26,8,0,12
BRDA:26,9,0,9
BRDA:28,10,0,6
BRDA:31,11,0,3
BRDA:34,12,0,31
BRF:13
BRH:13
end_of_record
TN:
SF:src/@core/bootstrap/register-windows.ts
FN:6,registerWindows
FNF:1
FNH:1
FNDA:30,registerWindows
DA:1,1
DA:6,1
DA:7,30
DA:8,30
DA:9,30
DA:10,30
DA:11,24
DA:12,24
DA:14,6
DA:15,6
DA:16,6
DA:17,6
DA:18,6
DA:20,6
DA:21,4
DA:22,4
DA:23,4
DA:24,4
DA:25,4
DA:26,6
DA:27,6
LF:21
LH:21
BRDA:6,0,0,30
BRDA:10,1,0,24
BRDA:12,2,0,6
BRDA:20,3,0,5
BRDA:20,4,0,4
BRF:5
BRH:5
end_of_record
TN:
SF:src/@core/bootstrap/settings.ts
FN:17,initSettings
FN:21,getSettings
FNF:2
FNH:2
FNDA:9,initSettings
FNDA:9,getSettings
DA:1,1
DA:14,1
DA:15,1
DA:17,1
DA:18,9
DA:19,9
DA:21,1
DA:22,9
DA:24,9
DA:25,0
DA:26,0
DA:28,9
DA:29,9
LF:13
LH:11
BRDA:17,0,0,9
BRDA:21,1,0,9
BRDA:24,2,0,0
BRF:3
BRH:2
end_of_record
TN:
SF:src/@core/control-window/cache.ts
FNF:0
FNH:0
DA:3,1
LF:1
LH:1
BRF:0
BRH:0
end_of_record
TN:
SF:src/@core/control-window/destroy.ts
FN:3,destroyWindows
FNF:1
FNH:1
FNDA:5,destroyWindows
DA:1,1
DA:3,1
DA:4,5
DA:6,5
DA:7,6
DA:8,5
DA:9,5
DA:10,6
DA:11,5
LF:9
LH:9
BRDA:3,0,0,5
BRDA:6,1,0,6
BRDA:7,2,0,5
BRF:3
BRH:3
end_of_record
TN:
SF:src/@core/control-window/receive.ts
FN:4,getWindow
FNF:1
FNH:1
FNDA:8,getWindow
DA:1,1
DA:4,1
DA:5,8
DA:6,8
DA:7,8
DA:9,8
DA:10,4
DA:11,4
DA:13,4
DA:14,4
LF:10
LH:10
BRDA:4,0,0,8
BRDA:9,1,0,6
BRDA:9,2,0,5
BRDA:9,3,0,4
BRF:4
BRH:4
end_of_record
TN:
SF:src/@core/decorators/inject.ts
FN:8,Inject
FN:23,getInjectedTokens
FNF:2
FNH:2
FNDA:17,Inject
FNDA:53,getInjectedTokens
DA:1,1
DA:6,1
DA:8,1
DA:9,17
DA:10,17
DA:11,1
DA:12,1
DA:14,16
DA:15,17
DA:17,17
DA:19,17
DA:20,17
DA:21,17
DA:23,1
DA:24,53
DA:25,53
LF:16
LH:16
BRDA:8,0,0,17
BRDA:9,1,0,17
BRDA:10,2,0,1
BRDA:12,3,0,16
BRDA:15,4,0,12
BRDA:23,5,0,53
BRDA:24,6,0,41
BRF:7
BRH:7
end_of_record
TN:
SF:src/@core/decorators/injectable.ts
FN:3,Injectable
FNF:1
FNH:1
FNDA:31,Injectable
DA:1,1
DA:3,1
DA:4,31
DA:5,31
DA:6,31
DA:7,31
LF:6
LH:6
BRDA:3,0,0,31
BRDA:4,1,0,31
BRF:2
BRH:2
end_of_record
TN:
SF:src/@core/decorators/ipc-handler.ts
FN:3,IpcHandler
FNF:1
FNH:1
FNDA:5,IpcHandler
DA:1,1
DA:3,1
DA:4,5
DA:5,5
DA:6,5
DA:7,5
LF:6
LH:6
BRDA:3,0,0,5
BRDA:4,1,0,5
BRF:2
BRH:2
end_of_record
TN:
SF:src/@core/decorators/rg-module.ts
FN:4,RgModule
FNF:1
FNH:1
FNDA:32,RgModule
DA:1,1
DA:4,1
DA:5,32
DA:6,32
DA:7,32
DA:8,32
LF:6
LH:6
BRDA:4,0,0,32
BRDA:5,1,0,32
BRF:2
BRH:2
end_of_record
TN:
SF:src/@core/decorators/window-manager.ts
FN:4,WindowManager
FNF:1
FNH:1
FNDA:11,WindowManager
DA:1,1
DA:4,1
DA:5,11
DA:6,11
DA:7,11
DA:8,11
DA:9,11
DA:10,11
LF:8
LH:8
BRDA:4,0,0,11
BRDA:7,1,0,11
BRF:2
BRH:2
end_of_record
TN:
SF:src/@core/utils/dependency-tokens.ts
FN:8,getDependencyTokens
FNF:1
FNH:1
FNDA:44,getDependencyTokens
DA:1,1
DA:6,1
DA:8,1
DA:9,44
DA:10,44
DA:11,1
DA:12,1
DA:14,43
DA:15,31
DA:16,44
DA:17,44
DA:18,44
DA:20,44
DA:21,28
DA:22,28
DA:23,28
DA:25,15
DA:26,20
DA:27,15
DA:29,15
DA:30,15
DA:31,15
LF:22
LH:22
BRDA:8,0,0,44
BRDA:10,1,0,1
BRDA:12,2,0,43
BRDA:14,3,0,31
BRDA:20,4,0,28
BRDA:23,5,0,15
BRDA:25,6,0,20
BRDA:26,7,0,14
BRF:8
BRH:8
end_of_record
